<?xml version="1.0" encoding="UTF-8"?>
<coverage generated="1789805617525" clover="3.2.0">
  <project timestamp="1789805617525" name="All files">
    <metrics statements="505" coveredstatements="457" conditionals="263" coveredconditionals="186" methods="99" coveredmethods="87" elements="867" coveredelements="730" complexity="0" loc="505" ncloc="505" packages="4" files="6" classes="6"/>
    <package name="components">
      <metrics statements="46" coveredstatements="45" conditionals="34" coveredconditionals="33" methods="17" coveredmethods="17"/>
      <file name="ReviewerPanel.tsx" path="E:\codex-Project\work1\Alignment_Engine\frontend_plugin\src\components\ReviewerPanel.tsx">
        <metrics statements="46" coveredstatements="45" conditionals="34" coveredconditionals="33" methods="17" coveredmethods="17"/>
        <line num="21" count="1" type="stmt"/>
        <line num="27" count="1" type="stmt"/>
        <line num="36" count="1" type="stmt"/>
        <line num="43" count="1" type="stmt"/>
        <line num="59" count="1" type="stmt"/>
        <line num="73" count="1" type="stmt"/>
        <line num="84" count="1" type="stmt"/>
        <line num="90" count="1" type="stmt"/>
        <line num="96" count="1" type="stmt"/>
        <line num="105" count="1" type="stmt"/>
        <line num="109" count="58" type="stmt"/>
        <line num="128" count="1" type="stmt"/>
        <line num="129" count="29" type="stmt"/>
        <line num="134" count="29" type="stmt"/>
        <line num="135" count="29" type="stmt"/>
        <line num="159" count="1" type="stmt"/>
        <line num="160" count="29" type="stmt"/>
        <line num="161" count="29" type="stmt"/>
        <line num="162" count="29" type="stmt"/>
        <line num="164" count="29" type="stmt"/>
        <line num="165" count="1" type="stmt"/>
        <line num="168" count="29" type="stmt"/>
        <line num="169" count="1" type="cond" truecount="1" falsecount="1"/>
        <line num="170" count="1" type="stmt"/>
        <line num="171" count="1" type="stmt"/>
        <line num="172" count="1" type="stmt"/>
        <line num="175" count="29" type="stmt"/>
        <line num="176" count="19" type="stmt"/>
        <line num="177" count="19" type="stmt"/>
        <line num="179" count="0" type="stmt"/>
        <line num="183" count="29" type="stmt"/>
        <line num="185" count="29" type="stmt"/>
        <line num="219" count="6" type="stmt"/>
        <line num="241" count="3" type="stmt"/>
        <line num="265" count="3" type="stmt"/>
        <line num="277" count="2" type="stmt"/>
        <line num="309" count="1" type="stmt"/>
        <line num="310" count="1" type="stmt"/>
        <line num="343" count="1" type="stmt"/>
        <line num="349" count="20" type="stmt"/>
        <line num="350" count="20" type="stmt"/>
        <line num="351" count="20" type="stmt"/>
        <line num="352" count="20" type="stmt"/>
        <line num="353" count="20" type="stmt"/>
        <line num="356" count="20" type="stmt"/>
        <line num="391" count="19" type="stmt"/>
      </file>
    </package>
    <package name="hooks">
      <metrics statements="16" coveredstatements="15" conditionals="16" coveredconditionals="12" methods="4" coveredmethods="4"/>
      <file name="useKeyboardShortcuts.ts" path="E:\codex-Project\work1\Alignment_Engine\frontend_plugin\src\hooks\useKeyboardShortcuts.ts">
        <metrics statements="16" coveredstatements="15" conditionals="16" coveredconditionals="12" methods="4" coveredmethods="4"/>
        <line num="1" count="1" type="stmt"/>
        <line num="14" count="1" type="stmt"/>
        <line num="15" count="4" type="stmt"/>
        <line num="16" count="4" type="stmt"/>
        <line num="18" count="4" type="cond" truecount="4" falsecount="0"/>
        <line num="19" count="1" type="stmt"/>
        <line num="22" count="3" type="cond" truecount="5" falsecount="1"/>
        <line num="25" count="1" type="cond" truecount="1" falsecount="1"/>
        <line num="26" count="1" type="stmt"/>
        <line num="29" count="1" type="cond" truecount="1" falsecount="1"/>
        <line num="30" count="1" type="stmt"/>
        <line num="32" count="1" type="cond" truecount="1" falsecount="1"/>
        <line num="33" count="1" type="stmt"/>
        <line num="35" count="0" type="stmt"/>
        <line num="39" count="4" type="stmt"/>
        <line num="40" count="4" type="stmt"/>
      </file>
    </package>
    <package name="store">
      <metrics statements="38" coveredstatements="29" conditionals="50" coveredconditionals="26" methods="5" coveredmethods="3"/>
      <file name="agentSlice.ts" path="E:\codex-Project\work1\Alignment_Engine\frontend_plugin\src\store\agentSlice.ts">
        <metrics statements="38" coveredstatements="29" conditionals="50" coveredconditionals="26" methods="5" coveredmethods="3"/>
        <line num="53" count="1" type="stmt"/>
        <line num="65" count="1" type="stmt"/>
        <line num="67" count="1" type="stmt"/>
        <line num="68" count="1" type="stmt"/>
        <line num="72" count="1" type="stmt"/>
        <line num="74" count="0" type="stmt"/>
        <line num="75" count="0" type="stmt"/>
        <line num="79" count="1" type="stmt"/>
        <line num="81" count="0" type="stmt"/>
        <line num="82" count="0" type="stmt"/>
        <line num="86" count="1" type="cond" truecount="1" falsecount="0"/>
        <line num="87" count="17" type="cond" truecount="14" falsecount="21"/>
        <line num="89" count="2" type="cond" truecount="4" falsecount="0"/>
        <line num="90" count="1" type="stmt"/>
        <line num="92" count="1" type="cond" truecount="1" falsecount="1"/>
        <line num="93" count="0" type="stmt"/>
        <line num="95" count="1" type="stmt"/>
        <line num="98" count="1" type="stmt"/>
        <line num="101" count="1" type="cond" truecount="1" falsecount="1"/>
        <line num="102" count="0" type="stmt"/>
        <line num="104" count="1" type="stmt"/>
        <line num="107" count="1" type="cond" truecount="3" falsecount="1"/>
        <line num="108" count="0" type="stmt"/>
        <line num="110" count="1" type="stmt"/>
        <line num="119" count="1" type="stmt"/>
        <line num="122" count="1" type="stmt"/>
        <line num="134" count="1" type="stmt"/>
        <line num="137" count="1" type="stmt"/>
        <line num="147" count="0" type="stmt"/>
        <line num="149" count="1" type="stmt"/>
        <line num="151" count="1" type="stmt"/>
        <line num="153" count="3" type="cond" truecount="2" falsecount="0"/>
        <line num="154" count="2" type="stmt"/>
        <line num="156" count="1" type="stmt"/>
        <line num="158" count="2" type="stmt"/>
        <line num="160" count="1" type="stmt"/>
        <line num="175" count="0" type="stmt"/>
        <line num="178" count="1" type="stmt"/>
      </file>
    </package>
    <package name="webgl_engine">
      <metrics statements="405" coveredstatements="368" conditionals="163" coveredconditionals="115" methods="73" coveredmethods="63"/>
      <file name="BufferGeometryManager.ts" path="E:\codex-Project\work1\Alignment_Engine\frontend_plugin\src\webgl_engine\BufferGeometryManager.ts">
        <metrics statements="131" coveredstatements="131" conditionals="33" coveredconditionals="24" methods="16" coveredmethods="16"/>
        <line num="44" count="1" type="stmt"/>
        <line num="52" count="1" type="stmt"/>
        <line num="55" count="1" type="stmt"/>
        <line num="58" count="1" type="stmt"/>
        <line num="63" count="8" type="stmt"/>
        <line num="70" count="1" type="stmt"/>
        <line num="74" count="8" type="stmt"/>
        <line num="91" count="8" type="stmt"/>
        <line num="92" count="8" type="stmt"/>
        <line num="93" count="8" type="stmt"/>
        <line num="94" count="8" type="stmt"/>
        <line num="95" count="8" type="stmt"/>
        <line num="96" count="8" type="stmt"/>
        <line num="97" count="8" type="stmt"/>
        <line num="100" count="8" type="stmt"/>
        <line num="101" count="8" type="stmt"/>
        <line num="104" count="8" type="stmt"/>
        <line num="105" count="8" type="stmt"/>
        <line num="108" count="8" type="stmt"/>
        <line num="109" count="8" type="stmt"/>
        <line num="110" count="8" type="stmt"/>
        <line num="111" count="8" type="stmt"/>
        <line num="112" count="8" type="stmt"/>
        <line num="117" count="2" type="stmt"/>
        <line num="118" count="6" type="stmt"/>
        <line num="119" count="4" type="stmt"/>
        <line num="128" count="6" type="stmt"/>
        <line num="131" count="6" type="stmt"/>
        <line num="132" count="6" type="stmt"/>
        <line num="133" count="6" type="stmt"/>
        <line num="135" count="6" type="stmt"/>
        <line num="136" count="6" type="stmt"/>
        <line num="137" count="6" type="stmt"/>
        <line num="140" count="6" type="stmt"/>
        <line num="141" count="6" type="stmt"/>
        <line num="142" count="6" type="stmt"/>
        <line num="145" count="6" type="stmt"/>
        <line num="146" count="6" type="stmt"/>
        <line num="149" count="6" type="stmt"/>
        <line num="150" count="6" type="stmt"/>
        <line num="151" count="6" type="stmt"/>
        <line num="154" count="6" type="stmt"/>
        <line num="157" count="6" type="stmt"/>
        <line num="160" count="6" type="stmt"/>
        <line num="163" count="6" type="stmt"/>
        <line num="166" count="6" type="stmt"/>
        <line num="168" count="6" type="stmt"/>
        <line num="178" count="5" type="stmt"/>
        <line num="179" count="5" type="stmt"/>
        <line num="181" count="5" type="stmt"/>
        <line num="182" count="5" type="stmt"/>
        <line num="183" count="5" type="stmt"/>
        <line num="184" count="5" type="stmt"/>
        <line num="187" count="5" type="stmt"/>
        <line num="188" count="5" type="stmt"/>
        <line num="189" count="5" type="cond" truecount="2" falsecount="0"/>
        <line num="192" count="5" type="stmt"/>
        <line num="193" count="5" type="stmt"/>
        <line num="194" count="5" type="stmt"/>
        <line num="195" count="5" type="cond" truecount="2" falsecount="0"/>
        <line num="198" count="5" type="cond" truecount="2" falsecount="0"/>
        <line num="199" count="5" type="cond" truecount="2" falsecount="0"/>
        <line num="200" count="5" type="cond" truecount="1" falsecount="1"/>
        <line num="204" count="5" type="stmt"/>
        <line num="205" count="5" type="stmt"/>
        <line num="212" count="1" type="cond" truecount="1" falsecount="1"/>
        <line num="213" count="1" type="stmt"/>
        <line num="214" count="1" type="stmt"/>
        <line num="215" count="1" type="stmt"/>
        <line num="216" count="1" type="cond" truecount="1" falsecount="1"/>
        <line num="217" count="1" type="stmt"/>
        <line num="224" count="1" type="cond" truecount="1" falsecount="1"/>
        <line num="225" count="1" type="stmt"/>
        <line num="226" count="1" type="cond" truecount="1" falsecount="1"/>
        <line num="227" count="1" type="stmt"/>
        <line num="228" count="1" type="stmt"/>
        <line num="239" count="1" type="stmt"/>
        <line num="240" count="1" type="cond" truecount="3" falsecount="1"/>
        <line num="242" count="1" type="stmt"/>
        <line num="243" count="1" type="stmt"/>
        <line num="246" count="1" type="stmt"/>
        <line num="247" count="1" type="stmt"/>
        <line num="248" count="1" type="stmt"/>
        <line num="249" count="1" type="stmt"/>
        <line num="253" count="1" type="stmt"/>
        <line num="254" count="1" type="stmt"/>
        <line num="255" count="1" type="stmt"/>
        <line num="256" count="1" type="stmt"/>
        <line num="260" count="1" type="stmt"/>
        <line num="261" count="1" type="stmt"/>
        <line num="262" count="1" type="stmt"/>
        <line num="263" count="1" type="stmt"/>
        <line num="267" count="1" type="stmt"/>
        <line num="268" count="1" type="stmt"/>
        <line num="278" count="1" type="stmt"/>
        <line num="279" count="1" type="cond" truecount="4" falsecount="1"/>
        <line num="281" count="1" type="stmt"/>
        <line num="282" count="1" type="stmt"/>
        <line num="284" count="1" type="stmt"/>
        <line num="285" count="1" type="stmt"/>
        <line num="291" count="8" type="stmt"/>
        <line num="292" count="8" type="cond" truecount="2" falsecount="0"/>
        <line num="293" count="6" type="stmt"/>
        <line num="294" count="6" type="stmt"/>
        <line num="295" count="6" type="stmt"/>
        <line num="296" count="6" type="stmt"/>
        <line num="297" count="6" type="stmt"/>
        <line num="298" count="6" type="stmt"/>
        <line num="299" count="6" type="stmt"/>
        <line num="305" count="18" type="stmt"/>
        <line num="306" count="18" type="stmt"/>
        <line num="307" count="18" type="stmt"/>
        <line num="308" count="18" type="stmt"/>
        <line num="320" count="30" type="stmt"/>
        <line num="321" count="30" type="stmt"/>
        <line num="322" count="30" type="stmt"/>
        <line num="324" count="30" type="stmt"/>
        <line num="328" count="2" type="cond" truecount="1" falsecount="1"/>
        <line num="329" count="2" type="cond" truecount="1" falsecount="1"/>
        <line num="347" count="1" type="stmt"/>
        <line num="349" count="1" type="stmt"/>
        <line num="350" count="1" type="stmt"/>
        <line num="351" count="128" type="stmt"/>
        <line num="353" count="128" type="stmt"/>
        <line num="354" count="128" type="stmt"/>
        <line num="355" count="128" type="stmt"/>
        <line num="358" count="1" type="stmt"/>
        <line num="359" count="1" type="stmt"/>
        <line num="360" count="1" type="stmt"/>
        <line num="361" count="1" type="stmt"/>
        <line num="362" count="1" type="stmt"/>
      </file>
      <file name="OrbitController.ts" path="E:\codex-Project\work1\Alignment_Engine\frontend_plugin\src\webgl_engine\OrbitController.ts">
        <metrics statements="130" coveredstatements="110" conditionals="16" coveredconditionals="6" methods="31" coveredmethods="22"/>
        <line num="49" count="1" type="stmt"/>
        <line num="60" count="9" type="stmt"/>
        <line num="61" count="9" type="stmt"/>
        <line num="62" count="9" type="stmt"/>
        <line num="70" count="1" type="stmt"/>
        <line num="71" count="1" type="stmt"/>
        <line num="72" count="1" type="stmt"/>
        <line num="73" count="1" type="stmt"/>
        <line num="74" count="1" type="stmt"/>
        <line num="75" count="1" type="stmt"/>
        <line num="76" count="1" type="stmt"/>
        <line num="77" count="1" type="stmt"/>
        <line num="78" count="1" type="stmt"/>
        <line num="79" count="1" type="stmt"/>
        <line num="83" count="1" type="stmt"/>
        <line num="84" count="1" type="stmt"/>
        <line num="85" count="4" type="stmt"/>
        <line num="86" count="16" type="stmt"/>
        <line num="93" count="1" type="stmt"/>
        <line num="97" count="1" type="stmt"/>
        <line num="98" count="1" type="stmt"/>
        <line num="99" count="1" type="stmt"/>
        <line num="100" count="1" type="stmt"/>
        <line num="108" count="1" type="stmt"/>
        <line num="110" count="8" type="stmt"/>
        <line num="111" count="8" type="stmt"/>
        <line num="112" count="8" type="stmt"/>
        <line num="113" count="8" type="stmt"/>
        <line num="116" count="8" type="stmt"/>
        <line num="117" count="8" type="stmt"/>
        <line num="118" count="8" type="stmt"/>
        <line num="124" count="8" type="stmt"/>
        <line num="125" count="8" type="stmt"/>
        <line num="128" count="8" type="stmt"/>
        <line num="131" count="8" type="stmt"/>
        <line num="134" count="8" type="stmt"/>
        <line num="139" count="0" type="stmt"/>
        <line num="140" count="0" type="stmt"/>
        <line num="142" count="1" type="cond" truecount="1" falsecount="1"/>
        <line num="143" count="1" type="stmt"/>
        <line num="147" count="4" type="stmt"/>
        <line num="157" count="0" type="stmt"/>
        <line num="163" count="8" type="stmt"/>
        <line num="164" count="8" type="stmt"/>
        <line num="165" count="8" type="stmt"/>
        <line num="175" count="1" type="stmt"/>
        <line num="176" count="1" type="stmt"/>
        <line num="177" count="1" type="stmt"/>
        <line num="178" count="1" type="stmt"/>
        <line num="180" count="1" type="stmt"/>
        <line num="181" count="1" type="stmt"/>
        <line num="182" count="1" type="stmt"/>
        <line num="183" count="1" type="stmt"/>
        <line num="184" count="1" type="stmt"/>
        <line num="187" count="1" type="stmt"/>
        <line num="189" count="1" type="stmt"/>
        <line num="190" count="1" type="stmt"/>
        <line num="191" count="1" type="stmt"/>
        <line num="192" count="1" type="stmt"/>
        <line num="193" count="1" type="stmt"/>
        <line num="194" count="1" type="stmt"/>
        <line num="195" count="1" type="stmt"/>
        <line num="203" count="1" type="stmt"/>
        <line num="204" count="1" type="stmt"/>
        <line num="205" count="1" type="stmt"/>
        <line num="206" count="1" type="stmt"/>
        <line num="211" count="1" type="stmt"/>
        <line num="213" count="1" type="stmt"/>
        <line num="214" count="1" type="stmt"/>
        <line num="219" count="1" type="stmt"/>
        <line num="220" count="1" type="stmt"/>
        <line num="221" count="1" type="stmt"/>
        <line num="223" count="1" type="stmt"/>
        <line num="224" count="0" type="stmt"/>
        <line num="225" count="0" type="stmt"/>
        <line num="226" count="0" type="stmt"/>
        <line num="227" count="0" type="stmt"/>
        <line num="228" count="0" type="stmt"/>
        <line num="229" count="0" type="stmt"/>
        <line num="230" count="0" type="cond" truecount="0" falsecount="2"/>
        <line num="232" count="1" type="stmt"/>
        <line num="238" count="5" type="stmt"/>
        <line num="239" count="5" type="stmt"/>
        <line num="240" count="5" type="stmt"/>
        <line num="248" count="1" type="stmt"/>
        <line num="249" count="1" type="stmt"/>
        <line num="250" count="1" type="stmt"/>
        <line num="259" count="2" type="cond" truecount="2" falsecount="0"/>
        <line num="260" count="1" type="stmt"/>
        <line num="261" count="1" type="stmt"/>
        <line num="262" count="1" type="stmt"/>
        <line num="266" count="2" type="cond" truecount="2" falsecount="0"/>
        <line num="268" count="1" type="stmt"/>
        <line num="269" count="1" type="stmt"/>
        <line num="272" count="1" type="stmt"/>
        <line num="273" count="1" type="stmt"/>
        <line num="276" count="1" type="stmt"/>
        <line num="277" count="1" type="stmt"/>
        <line num="279" count="1" type="stmt"/>
        <line num="280" count="1" type="stmt"/>
        <line num="281" count="1" type="stmt"/>
        <line num="285" count="1" type="stmt"/>
        <line num="290" count="2" type="stmt"/>
        <line num="293" count="2" type="stmt"/>
        <line num="296" count="2" type="stmt"/>
        <line num="297" count="2" type="stmt"/>
        <line num="301" count="2" type="stmt"/>
        <line num="304" count="2" type="stmt"/>
        <line num="305" count="2" type="stmt"/>
        <line num="307" count="2" type="stmt"/>
        <line num="308" count="2" type="stmt"/>
        <line num="314" count="1" type="stmt"/>
        <line num="315" count="0" type="cond" truecount="0" falsecount="2"/>
        <line num="316" count="0" type="stmt"/>
        <line num="317" count="0" type="stmt"/>
        <line num="318" count="0" type="stmt"/>
        <line num="320" count="0" type="cond" truecount="0" falsecount="4"/>
        <line num="322" count="0" type="stmt"/>
        <line num="323" count="0" type="stmt"/>
        <line num="324" count="0" type="stmt"/>
        <line num="325" count="0" type="stmt"/>
        <line num="328" count="0" type="stmt"/>
        <line num="330" count="1" type="stmt"/>
        <line num="336" count="1" type="stmt"/>
        <line num="337" count="1" type="stmt"/>
        <line num="340" count="1" type="stmt"/>
        <line num="347" count="1" type="stmt"/>
        <line num="350" count="1" type="stmt"/>
        <line num="351" count="1" type="stmt"/>
        <line num="355" count="5" type="stmt"/>
      </file>
      <file name="Raycaster.ts" path="E:\codex-Project\work1\Alignment_Engine\frontend_plugin\src\webgl_engine\Raycaster.ts">
        <metrics statements="144" coveredstatements="127" conditionals="114" coveredconditionals="85" methods="26" coveredmethods="25"/>
        <line num="38" count="1" type="stmt"/>
        <line num="41" count="1" type="stmt"/>
        <line num="44" count="1" type="stmt"/>
        <line num="55" count="18" type="stmt"/>
        <line num="56" count="18" type="stmt"/>
        <line num="58" count="18" type="stmt"/>
        <line num="61" count="18" type="stmt"/>
        <line num="62" count="18" type="stmt"/>
        <line num="66" count="206" type="stmt"/>
        <line num="67" count="206" type="stmt"/>
        <line num="68" count="206" type="stmt"/>
        <line num="75" count="1" type="stmt"/>
        <line num="77" count="6" type="stmt"/>
        <line num="80" count="6" type="stmt"/>
        <line num="83" count="2" type="stmt"/>
        <line num="95" count="2" type="stmt"/>
        <line num="96" count="2" type="stmt"/>
        <line num="97" count="2" type="stmt"/>
        <line num="99" count="2" type="stmt"/>
        <line num="100" count="6" type="stmt"/>
        <line num="101" count="6" type="stmt"/>
        <line num="102" count="6" type="cond" truecount="4" falsecount="0"/>
        <line num="103" count="6" type="cond" truecount="4" falsecount="0"/>
        <line num="104" count="6" type="cond" truecount="4" falsecount="0"/>
        <line num="108" count="2" type="cond" truecount="1" falsecount="1"/>
        <line num="109" count="2" type="stmt"/>
        <line num="115" count="2" type="stmt"/>
        <line num="116" count="6" type="stmt"/>
        <line num="117" count="6" type="stmt"/>
        <line num="121" count="6" type="stmt"/>
        <line num="129" count="4" type="stmt"/>
        <line num="130" count="4" type="stmt"/>
        <line num="131" count="4" type="stmt"/>
        <line num="132" count="109" type="cond" truecount="3" falsecount="1"/>
        <line num="133" count="109" type="cond" truecount="3" falsecount="1"/>
        <line num="135" count="4" type="cond" truecount="1" falsecount="1"/>
        <line num="136" count="4" type="stmt"/>
        <line num="140" count="4" type="stmt"/>
        <line num="141" count="109" type="stmt"/>
        <line num="142" count="109" type="stmt"/>
        <line num="154" count="2" type="stmt"/>
        <line num="156" count="2" type="stmt"/>
        <line num="159" count="2" type="stmt"/>
        <line num="160" count="2" type="stmt"/>
        <line num="167" count="1" type="stmt"/>
        <line num="176" count="2" type="stmt"/>
        <line num="177" count="2" type="stmt"/>
        <line num="178" count="2" type="stmt"/>
        <line num="179" count="2" type="stmt"/>
        <line num="180" count="2" type="stmt"/>
        <line num="187" count="1" type="stmt"/>
        <line num="188" count="1" type="stmt"/>
        <line num="189" count="1" type="stmt"/>
        <line num="195" count="315" type="cond" truecount="2" falsecount="0"/>
        <line num="196" count="214" type="stmt"/>
        <line num="198" count="214" type="cond" truecount="4" falsecount="0"/>
        <line num="199" count="3" type="stmt"/>
        <line num="201" count="214" type="stmt"/>
        <line num="205" count="101" type="stmt"/>
        <line num="206" count="101" type="cond" truecount="2" falsecount="0"/>
        <line num="207" count="1" type="stmt"/>
        <line num="209" count="101" type="stmt"/>
        <line num="213" count="3" type="stmt"/>
        <line num="214" count="3" type="stmt"/>
        <line num="215" count="3" type="stmt"/>
        <line num="217" count="3" type="stmt"/>
        <line num="218" count="99" type="stmt"/>
        <line num="219" count="99" type="cond" truecount="2" falsecount="0"/>
        <line num="220" count="5" type="stmt"/>
        <line num="222" count="99" type="stmt"/>
        <line num="227" count="200" type="stmt"/>
        <line num="228" count="200" type="stmt"/>
        <line num="229" count="200" type="cond" truecount="2" falsecount="0"/>
        <line num="230" count="200" type="cond" truecount="2" falsecount="0"/>
        <line num="231" count="200" type="cond" truecount="2" falsecount="0"/>
        <line num="232" count="200" type="stmt"/>
        <line num="236" count="6" type="stmt"/>
        <line num="237" count="6" type="stmt"/>
        <line num="238" count="6" type="stmt"/>
        <line num="239" count="6" type="stmt"/>
        <line num="240" count="6" type="stmt"/>
        <line num="242" count="6" type="stmt"/>
        <line num="260" count="2" type="cond" truecount="1" falsecount="1"/>
        <line num="263" count="2" type="cond" truecount="1" falsecount="1"/>
        <line num="264" count="2" type="stmt"/>
        <line num="265" count="6" type="stmt"/>
        <line num="266" count="6" type="cond" truecount="2" falsecount="0"/>
        <line num="267" count="3" type="stmt"/>
        <line num="268" count="3" type="stmt"/>
        <line num="269" count="3" type="cond" truecount="2" falsecount="0"/>
        <line num="270" count="1" type="stmt"/>
        <line num="271" count="1" type="stmt"/>
        <line num="274" count="2" type="stmt"/>
        <line num="278" count="0" type="stmt"/>
        <line num="279" count="0" type="stmt"/>
        <line num="280" count="0" type="cond" truecount="0" falsecount="2"/>
        <line num="281" count="0" type="stmt"/>
        <line num="287" count="0" type="stmt"/>
        <line num="290" count="0" type="cond" truecount="0" falsecount="2"/>
        <line num="292" count="0" type="stmt"/>
        <line num="293" count="0" type="cond" truecount="0" falsecount="4"/>
        <line num="294" count="0" type="stmt"/>
        <line num="306" count="2" type="cond" truecount="1" falsecount="1"/>
        <line num="309" count="2" type="cond" truecount="1" falsecount="1"/>
        <line num="311" count="2" type="cond" truecount="1" falsecount="1"/>
        <line num="312" count="2" type="stmt"/>
        <line num="313" count="6" type="stmt"/>
        <line num="314" count="6" type="cond" truecount="2" falsecount="0"/>
        <line num="315" count="3" type="stmt"/>
        <line num="318" count="2" type="stmt"/>
        <line num="321" count="0" type="stmt"/>
        <line num="322" count="0" type="stmt"/>
        <line num="333" count="1" type="cond" truecount="1" falsecount="1"/>
        <line num="336" count="1" type="cond" truecount="1" falsecount="1"/>
        <line num="338" count="1" type="cond" truecount="1" falsecount="1"/>
        <line num="339" count="1" type="stmt"/>
        <line num="340" count="3" type="cond" truecount="8" falsecount="0"/>
        <line num="343" count="1" type="stmt"/>
        <line num="346" count="1" type="stmt"/>
        <line num="349" count="0" type="stmt"/>
        <line num="350" count="0" type="stmt"/>
        <line num="358" count="2" type="stmt"/>
        <line num="359" count="2" type="stmt"/>
        <line num="360" count="2" type="stmt"/>
        <line num="361" count="2" type="stmt"/>
        <line num="366" count="1" type="cond" truecount="6" falsecount="0"/>
        <line num="374" count="3" type="stmt"/>
        <line num="375" count="3" type="stmt"/>
        <line num="376" count="1" type="stmt"/>
        <line num="377" count="1" type="cond" truecount="1" falsecount="1"/>
        <line num="378" count="0" type="stmt"/>
        <line num="379" count="0" type="stmt"/>
        <line num="380" count="1" type="stmt"/>
        <line num="385" count="1" type="stmt"/>
        <line num="386" count="1" type="stmt"/>
        <line num="387" count="1" type="stmt"/>
        <line num="388" count="1" type="stmt"/>
        <line num="389" count="1" type="stmt"/>
        <line num="390" count="1" type="cond" truecount="2" falsecount="2"/>
        <line num="391" count="1" type="cond" truecount="2" falsecount="2"/>
        <line num="392" count="1" type="cond" truecount="1" falsecount="1"/>
        <line num="393" count="0" type="stmt"/>
        <line num="394" count="0" type="stmt"/>
        <line num="395" count="1" type="stmt"/>
      </file>
    </package>
  </project>
</coverage>
