{"E:\\codex-Project\\work1\\Alignment_Engine\\frontend_plugin\\src\\components\\ReviewerPanel.tsx": {"path":"E:\\codex-Project\\work1\\Alignment_Engine\\frontend_plugin\\src\\components\\ReviewerPanel.tsx","statementMap":{"0":{"start":{"line":21,"column":0},"end":{"line":21,"column":62}},"1":{"start":{"line":27,"column":41},"end":{"line":34,"column":2}},"2":{"start":{"line":36,"column":40},"end":{"line":41,"column":2}},"3":{"start":{"line":43,"column":46},"end":{"line":57,"column":2}},"4":{"start":{"line":59,"column":43},"end":{"line":71,"column":2}},"5":{"start":{"line":73,"column":38},"end":{"line":82,"column":2}},"6":{"start":{"line":84,"column":40},"end":{"line":88,"column":2}},"7":{"start":{"line":90,"column":40},"end":{"line":94,"column":2}},"8":{"start":{"line":96,"column":39},"end":{"line":101,"column":2}},"9":{"start":{"line":105,"column":66},"end":{"line":123,"column":null}},"10":{"start":{"line":109,"column":2},"end":{"line":122,"column":null}},"11":{"start":{"line":128,"column":5},"end":{"line":149,"column":1}},"12":{"start":{"line":129,"column":17},"end":{"line":133,"column":4}},"13":{"start":{"line":134,"column":12},"end":{"line":134,"column":28}},"14":{"start":{"line":135,"column":2},"end":{"line":148,"column":4}},"15":{"start":{"line":159,"column":40},"end":{"line":337,"column":1}},"16":{"start":{"line":160,"column":38},"end":{"line":160,"column":53}},"17":{"start":{"line":161,"column":48},"end":{"line":161,"column":63}},"18":{"start":{"line":162,"column":42},"end":{"line":162,"column":54}},"19":{"start":{"line":164,"column":23},"end":{"line":166,"column":27}},"20":{"start":{"line":165,"column":4},"end":{"line":165,"column":24}},"21":{"start":{"line":168,"column":23},"end":{"line":173,"column":41}},"22":{"start":{"line":169,"column":4},"end":{"line":169,"column":37}},"23":{"start":{"line":169,"column":30},"end":{"line":169,"column":37}},"24":{"start":{"line":170,"column":4},"end":{"line":170,"column":45}},"25":{"start":{"line":171,"column":4},"end":{"line":171,"column":30}},"26":{"start":{"line":172,"column":4},"end":{"line":172,"column":24}},"27":{"start":{"line":175,"column":18},"end":{"line":181,"column":21}},"28":{"start":{"line":176,"column":4},"end":{"line":180,"column":5}},"29":{"start":{"line":177,"column":6},"end":{"line":177,"column":58}},"30":{"start":{"line":179,"column":6},"end":{"line":179,"column":27}},"31":{"start":{"line":183,"column":20},"end":{"line":183,"column":50}},"32":{"start":{"line":185,"column":2},"end":{"line":336,"column":4}},"33":{"start":{"line":219,"column":12},"end":{"line":220,"column":null}},"34":{"start":{"line":241,"column":23},"end":{"line":241,"column":49}},"35":{"start":{"line":265,"column":27},"end":{"line":265,"column":63}},"36":{"start":{"line":277,"column":29},"end":{"line":277,"column":60}},"37":{"start":{"line":309,"column":16},"end":{"line":309,"column":42}},"38":{"start":{"line":310,"column":16},"end":{"line":310,"column":36}},"39":{"start":{"line":343,"column":59},"end":{"line":401,"column":1}},"40":{"start":{"line":349,"column":16},"end":{"line":354,"column":18}},"41":{"start":{"line":350,"column":21},"end":{"line":350,"column":82}},"42":{"start":{"line":350,"column":46},"end":{"line":350,"column":74}},"43":{"start":{"line":351,"column":21},"end":{"line":351,"column":83}},"44":{"start":{"line":351,"column":46},"end":{"line":351,"column":75}},"45":{"start":{"line":352,"column":21},"end":{"line":352,"column":83}},"46":{"start":{"line":352,"column":46},"end":{"line":352,"column":75}},"47":{"start":{"line":353,"column":4},"end":{"line":353,"column":69}},"48":{"start":{"line":356,"column":2},"end":{"line":400,"column":4}},"49":{"start":{"line":391,"column":10},"end":{"line":392,"column":null}},"50":{"start":{"line":343,"column":13},"end":{"line":343,"column":59}}},"fnMap":{"0":{"name":"(anonymous_0)","decl":{"start":{"line":105,"column":66},"end":{"line":105,"column":67}},"loc":{"start":{"line":109,"column":2},"end":{"line":122,"column":null}}},"1":{"name":"(anonymous_1)","decl":{"start":{"line":128,"column":5},"end":{"line":128,"column":6}},"loc":{"start":{"line":128,"column":22},"end":{"line":149,"column":1}}},"2":{"name":"(anonymous_2)","decl":{"start":{"line":159,"column":40},"end":{"line":159,"column":41}},"loc":{"start":{"line":159,"column":72},"end":{"line":337,"column":1}}},"3":{"name":"(anonymous_3)","decl":{"start":{"line":164,"column":35},"end":{"line":164,"column":38}},"loc":{"start":{"line":164,"column":40},"end":{"line":166,"column":3}}},"4":{"name":"(anonymous_4)","decl":{"start":{"line":168,"column":35},"end":{"line":168,"column":38}},"loc":{"start":{"line":168,"column":40},"end":{"line":173,"column":3}}},"5":{"name":"(anonymous_5)","decl":{"start":{"line":175,"column":26},"end":{"line":175,"column":29}},"loc":{"start":{"line":175,"column":31},"end":{"line":181,"column":3}}},"6":{"name":"(anonymous_6)","decl":{"start":{"line":218,"column":29},"end":{"line":218,"column":30}},"loc":{"start":{"line":219,"column":12},"end":{"line":220,"column":null}}},"7":{"name":"(anonymous_7)","decl":{"start":{"line":241,"column":17},"end":{"line":241,"column":20}},"loc":{"start":{"line":241,"column":23},"end":{"line":241,"column":49}}},"8":{"name":"(anonymous_8)","decl":{"start":{"line":265,"column":21},"end":{"line":265,"column":24}},"loc":{"start":{"line":265,"column":27},"end":{"line":265,"column":63}}},"9":{"name":"(anonymous_9)","decl":{"start":{"line":277,"column":22},"end":{"line":277,"column":23}},"loc":{"start":{"line":277,"column":29},"end":{"line":277,"column":60}}},"10":{"name":"(anonymous_10)","decl":{"start":{"line":308,"column":23},"end":{"line":308,"column":26}},"loc":{"start":{"line":308,"column":28},"end":{"line":311,"column":15}}},"11":{"name":"(anonymous_11)","decl":{"start":{"line":343,"column":59},"end":{"line":343,"column":60}},"loc":{"start":{"line":347,"column":5},"end":{"line":401,"column":1}}},"12":{"name":"(anonymous_12)","decl":{"start":{"line":349,"column":24},"end":{"line":349,"column":27}},"loc":{"start":{"line":349,"column":29},"end":{"line":354,"column":3}}},"13":{"name":"(anonymous_13)","decl":{"start":{"line":350,"column":39},"end":{"line":350,"column":40}},"loc":{"start":{"line":350,"column":46},"end":{"line":350,"column":74}}},"14":{"name":"(anonymous_14)","decl":{"start":{"line":351,"column":39},"end":{"line":351,"column":40}},"loc":{"start":{"line":351,"column":46},"end":{"line":351,"column":75}}},"15":{"name":"(anonymous_15)","decl":{"start":{"line":352,"column":39},"end":{"line":352,"column":40}},"loc":{"start":{"line":352,"column":46},"end":{"line":352,"column":75}}},"16":{"name":"(anonymous_16)","decl":{"start":{"line":390,"column":23},"end":{"line":390,"column":24}},"loc":{"start":{"line":391,"column":10},"end":{"line":392,"column":null}}}},"branchMap":{"0":{"loc":{"start":{"line":118,"column":23},"end":{"line":118,"column":79}},"type":"cond-expr","locations":[{"start":{"line":118,"column":32},"end":{"line":118,"column":54}},{"start":{"line":118,"column":57},"end":{"line":118,"column":79}}]},"1":{"loc":{"start":{"line":119,"column":13},"end":{"line":119,"column":43}},"type":"cond-expr","locations":[{"start":{"line":119,"column":22},"end":{"line":119,"column":31}},{"start":{"line":119,"column":34},"end":{"line":119,"column":43}}]},"2":{"loc":{"start":{"line":122,"column":5},"end":{"line":122,"column":29}},"type":"cond-expr","locations":[{"start":{"line":122,"column":14},"end":{"line":122,"column":20}},{"start":{"line":122,"column":23},"end":{"line":122,"column":29}}]},"3":{"loc":{"start":{"line":169,"column":4},"end":{"line":169,"column":37}},"type":"if","locations":[{"start":{"line":169,"column":4},"end":{"line":169,"column":37}},{"start":{},"end":{}}]},"4":{"loc":{"start":{"line":189,"column":17},"end":{"line":189,"column":36}},"type":"cond-expr","locations":[{"start":{"line":189,"column":29},"end":{"line":189,"column":30}},{"start":{"line":189,"column":33},"end":{"line":189,"column":36}}]},"5":{"loc":{"start":{"line":190,"column":21},"end":{"line":190,"column":54}},"type":"cond-expr","locations":[{"start":{"line":190,"column":33},"end":{"line":190,"column":42}},{"start":{"line":190,"column":45},"end":{"line":190,"column":54}}]},"6":{"loc":{"start":{"line":206,"column":11},"end":{"line":209,"column":null}},"type":"binary-expr","locations":[{"start":{"line":206,"column":11},"end":{"line":206,"column":32}},{"start":{"line":207,"column":12},"end":{"line":208,"column":null}}]},"7":{"loc":{"start":{"line":216,"column":7},"end":{"line":230,"column":null}},"type":"binary-expr","locations":[{"start":{"line":216,"column":7},"end":{"line":216,"column":31}},{"start":{"line":217,"column":8},"end":{"line":229,"column":null}}]},"8":{"loc":{"start":{"line":234,"column":7},"end":{"line":235,"column":null}},"type":"binary-expr","locations":[{"start":{"line":234,"column":7},"end":{"line":234,"column":21}},{"start":{"line":235,"column":8},"end":{"line":235,"column":57}}]},"9":{"loc":{"start":{"line":249,"column":9},"end":{"line":249,"column":39}},"type":"cond-expr","locations":[{"start":{"line":249,"column":22},"end":{"line":249,"column":28}},{"start":{"line":249,"column":31},"end":{"line":249,"column":39}}]},"10":{"loc":{"start":{"line":252,"column":7},"end":{"line":253,"column":null}},"type":"binary-expr","locations":[{"start":{"line":252,"column":7},"end":{"line":252,"column":17}},{"start":{"line":253,"column":8},"end":{"line":253,"column":65}}]},"11":{"loc":{"start":{"line":257,"column":7},"end":{"line":269,"column":null}},"type":"binary-expr","locations":[{"start":{"line":257,"column":7},"end":{"line":257,"column":16}},{"start":{"line":258,"column":8},"end":{"line":268,"column":null}}]},"12":{"loc":{"start":{"line":273,"column":7},"end":{"line":316,"column":null}},"type":"binary-expr","locations":[{"start":{"line":273,"column":7},"end":{"line":273,"column":22}},{"start":{"line":273,"column":26},"end":{"line":273,"column":35}},{"start":{"line":274,"column":8},"end":{"line":315,"column":null}}]},"13":{"loc":{"start":{"line":298,"column":25},"end":{"line":298,"column":54}},"type":"cond-expr","locations":[{"start":{"line":298,"column":47},"end":{"line":298,"column":48}},{"start":{"line":298,"column":51},"end":{"line":298,"column":54}}]},"14":{"loc":{"start":{"line":320,"column":7},"end":{"line":333,"column":null}},"type":"binary-expr","locations":[{"start":{"line":320,"column":7},"end":{"line":320,"column":38}},{"start":{"line":320,"column":42},"end":{"line":320,"column":61}},{"start":{"line":321,"column":8},"end":{"line":332,"column":null}}]},"15":{"loc":{"start":{"line":378,"column":7},"end":{"line":397,"column":null}},"type":"cond-expr","locations":[{"start":{"line":379,"column":8},"end":{"line":385,"column":null}},{"start":{"line":390,"column":8},"end":{"line":397,"column":10}}]}},"s":{"0":1,"1":1,"2":1,"3":1,"4":1,"5":1,"6":1,"7":1,"8":1,"9":1,"10":58,"11":1,"12":29,"13":29,"14":29,"15":1,"16":29,"17":29,"18":29,"19":29,"20":1,"21":29,"22":1,"23":0,"24":1,"25":1,"26":1,"27":29,"28":19,"29":19,"30":0,"31":29,"32":29,"33":6,"34":3,"35":3,"36":2,"37":1,"38":1,"39":1,"40":20,"41":20,"42":19,"43":20,"44":19,"45":20,"46":19,"47":20,"48":20,"49":19,"50":1},"f":{"0":58,"1":29,"2":29,"3":1,"4":1,"5":19,"6":6,"7":3,"8":3,"9":2,"10":1,"11":20,"12":20,"13":19,"14":19,"15":19,"16":19},"b":{"0":[53,5],"1":[53,5],"2":[53,5],"3":[0,1],"4":[24,5],"5":[24,5],"6":[29,28],"7":[29,2],"8":[29,28],"9":[2,27],"10":[29,2],"11":[29,24],"12":[29,5,5],"13":[2,3],"14":[29,2,2],"15":[3,17]}}
,"E:\\codex-Project\\work1\\Alignment_Engine\\frontend_plugin\\src\\hooks\\useKeyboardShortcuts.ts": {"path":"E:\\codex-Project\\work1\\Alignment_Engine\\frontend_plugin\\src\\hooks\\useKeyboardShortcuts.ts","statementMap":{"0":{"start":{"line":14,"column":0},"end":{"line":14,"column":16}},"1":{"start":{"line":1,"column":0},"end":{"line":1,"column":34}},"2":{"start":{"line":15,"column":2},"end":{"line":41,"column":17}},"3":{"start":{"line":16,"column":26},"end":{"line":37,"column":5}},"4":{"start":{"line":18,"column":6},"end":{"line":20,"column":7}},"5":{"start":{"line":19,"column":8},"end":{"line":19,"column":15}},"6":{"start":{"line":22,"column":6},"end":{"line":36,"column":7}},"7":{"start":{"line":25,"column":10},"end":{"line":25,"column":69}},"8":{"start":{"line":25,"column":41},"end":{"line":25,"column":69}},"9":{"start":{"line":26,"column":10},"end":{"line":26,"column":16}},"10":{"start":{"line":29,"column":10},"end":{"line":29,"column":67}},"11":{"start":{"line":29,"column":40},"end":{"line":29,"column":67}},"12":{"start":{"line":30,"column":10},"end":{"line":30,"column":16}},"13":{"start":{"line":32,"column":10},"end":{"line":32,"column":65}},"14":{"start":{"line":32,"column":39},"end":{"line":32,"column":65}},"15":{"start":{"line":33,"column":10},"end":{"line":33,"column":16}},"16":{"start":{"line":35,"column":10},"end":{"line":35,"column":16}},"17":{"start":{"line":39,"column":4},"end":{"line":39,"column":54}},"18":{"start":{"line":40,"column":4},"end":{"line":40,"column":70}},"19":{"start":{"line":40,"column":17},"end":{"line":40,"column":69}}},"fnMap":{"0":{"name":"useKeyboardShortcuts","decl":{"start":{"line":14,"column":16},"end":{"line":14,"column":36}},"loc":{"start":{"line":14,"column":63},"end":{"line":42,"column":1}}},"1":{"name":"(anonymous_1)","decl":{"start":{"line":15,"column":12},"end":{"line":15,"column":15}},"loc":{"start":{"line":15,"column":17},"end":{"line":41,"column":3}}},"2":{"name":"(anonymous_2)","decl":{"start":{"line":16,"column":26},"end":{"line":16,"column":27}},"loc":{"start":{"line":16,"column":47},"end":{"line":37,"column":5}}},"3":{"name":"(anonymous_3)","decl":{"start":{"line":40,"column":11},"end":{"line":40,"column":14}},"loc":{"start":{"line":40,"column":17},"end":{"line":40,"column":69}}}},"branchMap":{"0":{"loc":{"start":{"line":18,"column":6},"end":{"line":20,"column":7}},"type":"if","locations":[{"start":{"line":18,"column":6},"end":{"line":20,"column":7}},{"start":{},"end":{}}]},"1":{"loc":{"start":{"line":18,"column":10},"end":{"line":18,"column":89}},"type":"binary-expr","locations":[{"start":{"line":18,"column":10},"end":{"line":18,"column":46}},{"start":{"line":18,"column":50},"end":{"line":18,"column":89}}]},"2":{"loc":{"start":{"line":22,"column":6},"end":{"line":36,"column":7}},"type":"switch","locations":[{"start":{"line":23,"column":8},"end":{"line":23,"column":17}},{"start":{"line":24,"column":8},"end":{"line":26,"column":16}},{"start":{"line":27,"column":8},"end":{"line":27,"column":17}},{"start":{"line":28,"column":8},"end":{"line":30,"column":16}},{"start":{"line":31,"column":8},"end":{"line":33,"column":16}},{"start":{"line":34,"column":8},"end":{"line":35,"column":16}}]},"3":{"loc":{"start":{"line":25,"column":10},"end":{"line":25,"column":69}},"type":"if","locations":[{"start":{"line":25,"column":10},"end":{"line":25,"column":69}},{"start":{},"end":{}}]},"4":{"loc":{"start":{"line":29,"column":10},"end":{"line":29,"column":67}},"type":"if","locations":[{"start":{"line":29,"column":10},"end":{"line":29,"column":67}},{"start":{},"end":{}}]},"5":{"loc":{"start":{"line":32,"column":10},"end":{"line":32,"column":65}},"type":"if","locations":[{"start":{"line":32,"column":10},"end":{"line":32,"column":65}},{"start":{},"end":{}}]}},"s":{"0":1,"1":1,"2":4,"3":4,"4":4,"5":1,"6":3,"7":1,"8":1,"9":1,"10":1,"11":1,"12":1,"13":1,"14":1,"15":1,"16":0,"17":4,"18":4,"19":4},"f":{"0":4,"1":4,"2":4,"3":4},"b":{"0":[1,3],"1":[4,3],"2":[1,1,1,1,1,0],"3":[1,0],"4":[1,0],"5":[1,0]}}
,"E:\\codex-Project\\work1\\Alignment_Engine\\frontend_plugin\\src\\store\\agentSlice.ts": {"path":"E:\\codex-Project\\work1\\Alignment_Engine\\frontend_plugin\\src\\store\\agentSlice.ts","statementMap":{"0":{"start":{"line":86,"column":0},"end":{"line":86,"column":16}},"1":{"start":{"line":53,"column":13},"end":{"line":62,"column":2}},"2":{"start":{"line":67,"column":8},"end":{"line":67,"column":54}},"3":{"start":{"line":68,"column":8},"end":{"line":68,"column":47}},"4":{"start":{"line":65,"column":0},"end":{"line":65,"column":13}},"5":{"start":{"line":74,"column":8},"end":{"line":74,"column":53}},"6":{"start":{"line":75,"column":8},"end":{"line":75,"column":46}},"7":{"start":{"line":72,"column":0},"end":{"line":72,"column":13}},"8":{"start":{"line":81,"column":8},"end":{"line":81,"column":52}},"9":{"start":{"line":82,"column":8},"end":{"line":82,"column":45}},"10":{"start":{"line":79,"column":0},"end":{"line":79,"column":13}},"11":{"start":{"line":87,"column":4},"end":{"line":179,"column":5}},"12":{"start":{"line":89,"column":12},"end":{"line":91,"column":13}},"13":{"start":{"line":90,"column":16},"end":{"line":90,"column":105}},"14":{"start":{"line":92,"column":12},"end":{"line":94,"column":13}},"15":{"start":{"line":93,"column":16},"end":{"line":93,"column":77}},"16":{"start":{"line":95,"column":12},"end":{"line":95,"column":118}},"17":{"start":{"line":98,"column":12},"end":{"line":98,"column":99}},"18":{"start":{"line":101,"column":12},"end":{"line":103,"column":13}},"19":{"start":{"line":102,"column":16},"end":{"line":102,"column":85}},"20":{"start":{"line":104,"column":12},"end":{"line":104,"column":96}},"21":{"start":{"line":107,"column":12},"end":{"line":109,"column":13}},"22":{"start":{"line":108,"column":16},"end":{"line":108,"column":89}},"23":{"start":{"line":110,"column":12},"end":{"line":116,"column":14}},"24":{"start":{"line":119,"column":12},"end":{"line":119,"column":94}},"25":{"start":{"line":122,"column":12},"end":{"line":131,"column":14}},"26":{"start":{"line":134,"column":12},"end":{"line":134,"column":108}},"27":{"start":{"line":137,"column":12},"end":{"line":137,"column":32}},"28":{"start":{"line":147,"column":12},"end":{"line":147,"column":25}},"29":{"start":{"line":149,"column":12},"end":{"line":149,"column":75}},"30":{"start":{"line":151,"column":12},"end":{"line":151,"column":52}},"31":{"start":{"line":153,"column":12},"end":{"line":155,"column":13}},"32":{"start":{"line":154,"column":16},"end":{"line":154,"column":94}},"33":{"start":{"line":156,"column":12},"end":{"line":156,"column":25}},"34":{"start":{"line":158,"column":12},"end":{"line":158,"column":105}},"35":{"start":{"line":158,"column":71},"end":{"line":158,"column":101}},"36":{"start":{"line":160,"column":12},"end":{"line":160,"column":47}},"37":{"start":{"line":175,"column":12},"end":{"line":175,"column":25}},"38":{"start":{"line":178,"column":12},"end":{"line":178,"column":25}}},"fnMap":{"0":{"name":"(anonymous_0)","decl":{"start":{"line":66,"column":4},"end":{"line":66,"column":16}},"loc":{"start":{"line":66,"column":31},"end":{"line":69,"column":5}}},"1":{"name":"(anonymous_1)","decl":{"start":{"line":73,"column":4},"end":{"line":73,"column":16}},"loc":{"start":{"line":73,"column":31},"end":{"line":76,"column":5}}},"2":{"name":"(anonymous_2)","decl":{"start":{"line":80,"column":4},"end":{"line":80,"column":16}},"loc":{"start":{"line":80,"column":31},"end":{"line":83,"column":5}}},"3":{"name":"agentReducer","decl":{"start":{"line":86,"column":16},"end":{"line":86,"column":28}},"loc":{"start":{"line":86,"column":81},"end":{"line":180,"column":1}}},"4":{"name":"(anonymous_4)","decl":{"start":{"line":158,"column":65},"end":{"line":158,"column":67}},"loc":{"start":{"line":158,"column":71},"end":{"line":158,"column":101}}}},"branchMap":{"0":{"loc":{"start":{"line":86,"column":29},"end":{"line":86,"column":61}},"type":"default-arg","locations":[{"start":{"line":86,"column":49},"end":{"line":86,"column":61}}]},"1":{"loc":{"start":{"line":87,"column":4},"end":{"line":179,"column":5}},"type":"switch","locations":[{"start":{"line":88,"column":8},"end":{"line":95,"column":118}},{"start":{"line":97,"column":8},"end":{"line":98,"column":99}},{"start":{"line":100,"column":8},"end":{"line":104,"column":96}},{"start":{"line":106,"column":8},"end":{"line":116,"column":14}},{"start":{"line":118,"column":8},"end":{"line":119,"column":94}},{"start":{"line":121,"column":8},"end":{"line":131,"column":14}},{"start":{"line":133,"column":8},"end":{"line":134,"column":108}},{"start":{"line":136,"column":8},"end":{"line":137,"column":32}},{"start":{"line":140,"column":8},"end":{"line":140,"column":32}},{"start":{"line":141,"column":8},"end":{"line":141,"column":32}},{"start":{"line":142,"column":8},"end":{"line":142,"column":32}},{"start":{"line":143,"column":8},"end":{"line":143,"column":32}},{"start":{"line":144,"column":8},"end":{"line":144,"column":37}},{"start":{"line":145,"column":8},"end":{"line":145,"column":40}},{"start":{"line":146,"column":8},"end":{"line":147,"column":25}},{"start":{"line":148,"column":8},"end":{"line":149,"column":75}},{"start":{"line":150,"column":8},"end":{"line":151,"column":52}},{"start":{"line":152,"column":8},"end":{"line":156,"column":25}},{"start":{"line":157,"column":8},"end":{"line":158,"column":105}},{"start":{"line":159,"column":8},"end":{"line":160,"column":47}},{"start":{"line":161,"column":8},"end":{"line":161,"column":27}},{"start":{"line":162,"column":8},"end":{"line":162,"column":28}},{"start":{"line":163,"column":8},"end":{"line":163,"column":29}},{"start":{"line":164,"column":8},"end":{"line":164,"column":32}},{"start":{"line":165,"column":8},"end":{"line":165,"column":35}},{"start":{"line":166,"column":8},"end":{"line":166,"column":28}},{"start":{"line":167,"column":8},"end":{"line":167,"column":33}},{"start":{"line":168,"column":8},"end":{"line":168,"column":32}},{"start":{"line":169,"column":8},"end":{"line":169,"column":35}},{"start":{"line":170,"column":8},"end":{"line":170,"column":28}},{"start":{"line":171,"column":8},"end":{"line":171,"column":34}},{"start":{"line":172,"column":8},"end":{"line":172,"column":34}},{"start":{"line":173,"column":8},"end":{"line":173,"column":20}},{"start":{"line":174,"column":8},"end":{"line":175,"column":25}},{"start":{"line":177,"column":8},"end":{"line":178,"column":25}}]},"2":{"loc":{"start":{"line":89,"column":12},"end":{"line":91,"column":13}},"type":"if","locations":[{"start":{"line":89,"column":12},"end":{"line":91,"column":13}},{"start":{},"end":{}}]},"3":{"loc":{"start":{"line":89,"column":16},"end":{"line":89,"column":67}},"type":"binary-expr","locations":[{"start":{"line":89,"column":16},"end":{"line":89,"column":39}},{"start":{"line":89,"column":43},"end":{"line":89,"column":67}}]},"4":{"loc":{"start":{"line":92,"column":12},"end":{"line":94,"column":13}},"type":"if","locations":[{"start":{"line":92,"column":12},"end":{"line":94,"column":13}},{"start":{},"end":{}}]},"5":{"loc":{"start":{"line":101,"column":12},"end":{"line":103,"column":13}},"type":"if","locations":[{"start":{"line":101,"column":12},"end":{"line":103,"column":13}},{"start":{},"end":{}}]},"6":{"loc":{"start":{"line":107,"column":12},"end":{"line":109,"column":13}},"type":"if","locations":[{"start":{"line":107,"column":12},"end":{"line":109,"column":13}},{"start":{},"end":{}}]},"7":{"loc":{"start":{"line":107,"column":16},"end":{"line":107,"column":78}},"type":"binary-expr","locations":[{"start":{"line":107,"column":16},"end":{"line":107,"column":45}},{"start":{"line":107,"column":49},"end":{"line":107,"column":78}}]},"8":{"loc":{"start":{"line":153,"column":12},"end":{"line":155,"column":13}},"type":"if","locations":[{"start":{"line":153,"column":12},"end":{"line":155,"column":13}},{"start":{},"end":{}}]}},"s":{"0":1,"1":1,"2":1,"3":1,"4":1,"5":0,"6":0,"7":1,"8":0,"9":0,"10":1,"11":17,"12":2,"13":1,"14":1,"15":0,"16":1,"17":1,"18":1,"19":0,"20":1,"21":1,"22":0,"23":1,"24":1,"25":1,"26":1,"27":1,"28":0,"29":1,"30":1,"31":3,"32":2,"33":1,"34":1,"35":2,"36":1,"37":0,"38":1},"f":{"0":1,"1":0,"2":0,"3":17,"4":2},"b":{"0":[1],"1":[2,1,1,1,1,1,1,1,0,0,0,0,0,0,0,1,1,3,1,1,0,0,0,0,0,0,0,0,0,0,0,0,0,0,1],"2":[1,1],"3":[2,1],"4":[0,1],"5":[0,1],"6":[0,1],"7":[1,1],"8":[2,1]}}
,"E:\\codex-Project\\work1\\Alignment_Engine\\frontend_plugin\\src\\webgl_engine\\BufferGeometryManager.ts": {"path":"E:\\codex-Project\\work1\\Alignment_Engine\\frontend_plugin\\src\\webgl_engine\\BufferGeometryManager.ts","statementMap":{"0":{"start":{"line":44,"column":22},"end":{"line":49,"column":2}},"1":{"start":{"line":52,"column":21},"end":{"line":52,"column":56}},"2":{"start":{"line":55,"column":25},"end":{"line":55,"column":27}},"3":{"start":{"line":58,"column":31},"end":{"line":58,"column":33}},"4":{"start":{"line":63,"column":2},"end":{"line":63,"column":60}},"5":{"start":{"line":74,"column":10},"end":{"line":74,"column":21}},"6":{"start":{"line":91,"column":10},"end":{"line":91,"column":52}},"7":{"start":{"line":92,"column":10},"end":{"line":92,"column":46}},"8":{"start":{"line":93,"column":10},"end":{"line":93,"column":46}},"9":{"start":{"line":94,"column":10},"end":{"line":94,"column":45}},"10":{"start":{"line":95,"column":10},"end":{"line":95,"column":45}},"11":{"start":{"line":96,"column":10},"end":{"line":96,"column":46}},"12":{"start":{"line":97,"column":10},"end":{"line":97,"column":53}},"13":{"start":{"line":100,"column":10},"end":{"line":100,"column":33}},"14":{"start":{"line":101,"column":10},"end":{"line":101,"column":25}},"15":{"start":{"line":104,"column":4},"end":{"line":104,"column":38}},"16":{"start":{"line":105,"column":20},"end":{"line":105,"column":49}},"17":{"start":{"line":108,"column":4},"end":{"line":108,"column":54}},"18":{"start":{"line":109,"column":4},"end":{"line":109,"column":52}},"19":{"start":{"line":110,"column":4},"end":{"line":110,"column":52}},"20":{"start":{"line":111,"column":4},"end":{"line":111,"column":52}},"21":{"start":{"line":112,"column":4},"end":{"line":112,"column":52}},"22":{"start":{"line":117,"column":24},"end":{"line":117,"column":43}},"23":{"start":{"line":118,"column":34},"end":{"line":118,"column":57}},"24":{"start":{"line":119,"column":31},"end":{"line":119,"column":51}},"25":{"start":{"line":128,"column":4},"end":{"line":128,"column":18}},"26":{"start":{"line":131,"column":4},"end":{"line":131,"column":38}},"27":{"start":{"line":132,"column":4},"end":{"line":132,"column":50}},"28":{"start":{"line":133,"column":4},"end":{"line":133,"column":68}},"29":{"start":{"line":135,"column":4},"end":{"line":135,"column":38}},"30":{"start":{"line":136,"column":4},"end":{"line":136,"column":58}},"31":{"start":{"line":137,"column":4},"end":{"line":137,"column":74}},"32":{"start":{"line":140,"column":4},"end":{"line":140,"column":66}},"33":{"start":{"line":141,"column":4},"end":{"line":141,"column":63}},"34":{"start":{"line":142,"column":4},"end":{"line":142,"column":63}},"35":{"start":{"line":145,"column":4},"end":{"line":145,"column":39}},"36":{"start":{"line":146,"column":4},"end":{"line":146,"column":34}},"37":{"start":{"line":149,"column":4},"end":{"line":149,"column":50}},"38":{"start":{"line":150,"column":4},"end":{"line":150,"column":34}},"39":{"start":{"line":151,"column":4},"end":{"line":151,"column":56}},"40":{"start":{"line":154,"column":4},"end":{"line":154,"column":83}},"41":{"start":{"line":157,"column":4},"end":{"line":157,"column":62}},"42":{"start":{"line":160,"column":4},"end":{"line":160,"column":63}},"43":{"start":{"line":163,"column":4},"end":{"line":163,"column":63}},"44":{"start":{"line":166,"column":4},"end":{"line":166,"column":63}},"45":{"start":{"line":168,"column":4},"end":{"line":168,"column":29}},"46":{"start":{"line":178,"column":14},"end":{"line":178,"column":53}},"47":{"start":{"line":179,"column":4},"end":{"line":179,"column":20}},"48":{"start":{"line":181,"column":4},"end":{"line":201,"column":5}},"49":{"start":{"line":181,"column":17},"end":{"line":181,"column":18}},"50":{"start":{"line":182,"column":16},"end":{"line":182,"column":25}},"51":{"start":{"line":183,"column":17},"end":{"line":183,"column":22}},"52":{"start":{"line":184,"column":17},"end":{"line":184,"column":22}},"53":{"start":{"line":187,"column":6},"end":{"line":187,"column":36}},"54":{"start":{"line":188,"column":6},"end":{"line":188,"column":36}},"55":{"start":{"line":189,"column":6},"end":{"line":189,"column":41}},"56":{"start":{"line":192,"column":6},"end":{"line":192,"column":33}},"57":{"start":{"line":193,"column":6},"end":{"line":193,"column":33}},"58":{"start":{"line":194,"column":6},"end":{"line":194,"column":33}},"59":{"start":{"line":195,"column":6},"end":{"line":195,"column":40}},"60":{"start":{"line":198,"column":6},"end":{"line":198,"column":42}},"61":{"start":{"line":199,"column":6},"end":{"line":199,"column":51}},"62":{"start":{"line":200,"column":6},"end":{"line":200,"column":51}},"63":{"start":{"line":204,"column":4},"end":{"line":204,"column":25}},"64":{"start":{"line":205,"column":4},"end":{"line":205,"column":23}},"65":{"start":{"line":212,"column":4},"end":{"line":212,"column":37}},"66":{"start":{"line":212,"column":30},"end":{"line":212,"column":37}},"67":{"start":{"line":213,"column":15},"end":{"line":213,"column":24}},"68":{"start":{"line":214,"column":4},"end":{"line":214,"column":32}},"69":{"start":{"line":215,"column":4},"end":{"line":215,"column":32}},"70":{"start":{"line":216,"column":4},"end":{"line":216,"column":37}},"71":{"start":{"line":217,"column":4},"end":{"line":217,"column":27}},"72":{"start":{"line":224,"column":16},"end":{"line":224,"column":36}},"73":{"start":{"line":225,"column":4},"end":{"line":229,"column":5}},"74":{"start":{"line":226,"column":6},"end":{"line":226,"column":39}},"75":{"start":{"line":226,"column":30},"end":{"line":226,"column":39}},"76":{"start":{"line":227,"column":6},"end":{"line":227,"column":37}},"77":{"start":{"line":228,"column":6},"end":{"line":228,"column":27}},"78":{"start":{"line":239,"column":15},"end":{"line":239,"column":23}},"79":{"start":{"line":240,"column":4},"end":{"line":240,"column":58}},"80":{"start":{"line":240,"column":51},"end":{"line":240,"column":58}},"81":{"start":{"line":242,"column":18},"end":{"line":242,"column":34}},"82":{"start":{"line":243,"column":18},"end":{"line":243,"column":32}},"83":{"start":{"line":246,"column":22},"end":{"line":246,"column":35}},"84":{"start":{"line":247,"column":22},"end":{"line":247,"column":39}},"85":{"start":{"line":248,"column":4},"end":{"line":248,"column":49}},"86":{"start":{"line":249,"column":4},"end":{"line":250,"column":78}},"87":{"start":{"line":253,"column":22},"end":{"line":253,"column":35}},"88":{"start":{"line":254,"column":22},"end":{"line":254,"column":39}},"89":{"start":{"line":255,"column":4},"end":{"line":255,"column":49}},"90":{"start":{"line":256,"column":4},"end":{"line":257,"column":75}},"91":{"start":{"line":260,"column":23},"end":{"line":260,"column":36}},"92":{"start":{"line":261,"column":23},"end":{"line":261,"column":40}},"93":{"start":{"line":262,"column":4},"end":{"line":262,"column":50}},"94":{"start":{"line":263,"column":4},"end":{"line":264,"column":75}},"95":{"start":{"line":267,"column":4},"end":{"line":267,"column":32}},"96":{"start":{"line":268,"column":4},"end":{"line":268,"column":24}},"97":{"start":{"line":278,"column":15},"end":{"line":278,"column":23}},"98":{"start":{"line":279,"column":4},"end":{"line":279,"column":55}},"99":{"start":{"line":279,"column":48},"end":{"line":279,"column":55}},"100":{"start":{"line":281,"column":4},"end":{"line":281,"column":34}},"101":{"start":{"line":282,"column":4},"end":{"line":282,"column":58}},"102":{"start":{"line":284,"column":4},"end":{"line":284,"column":81}},"103":{"start":{"line":285,"column":4},"end":{"line":285,"column":29}},"104":{"start":{"line":291,"column":15},"end":{"line":291,"column":23}},"105":{"start":{"line":292,"column":4},"end":{"line":292,"column":20}},"106":{"start":{"line":292,"column":13},"end":{"line":292,"column":20}},"107":{"start":{"line":293,"column":4},"end":{"line":293,"column":35}},"108":{"start":{"line":294,"column":4},"end":{"line":294,"column":35}},"109":{"start":{"line":295,"column":4},"end":{"line":295,"column":34}},"110":{"start":{"line":296,"column":4},"end":{"line":296,"column":34}},"111":{"start":{"line":297,"column":4},"end":{"line":297,"column":35}},"112":{"start":{"line":298,"column":4},"end":{"line":298,"column":36}},"113":{"start":{"line":299,"column":4},"end":{"line":299,"column":20}},"114":{"start":{"line":305,"column":16},"end":{"line":305,"column":34}},"115":{"start":{"line":306,"column":4},"end":{"line":306,"column":40}},"116":{"start":{"line":307,"column":4},"end":{"line":307,"column":69}},"117":{"start":{"line":308,"column":4},"end":{"line":308,"column":15}},"118":{"start":{"line":320,"column":4},"end":{"line":320,"column":40}},"119":{"start":{"line":321,"column":4},"end":{"line":321,"column":41}},"120":{"start":{"line":322,"column":4},"end":{"line":323,"column":51}},"121":{"start":{"line":324,"column":4},"end":{"line":324,"column":46}},"122":{"start":{"line":328,"column":4},"end":{"line":328,"column":59}},"123":{"start":{"line":328,"column":34},"end":{"line":328,"column":59}},"124":{"start":{"line":329,"column":4},"end":{"line":329,"column":61}},"125":{"start":{"line":329,"column":34},"end":{"line":329,"column":61}},"126":{"start":{"line":347,"column":16},"end":{"line":347,"column":32}},"127":{"start":{"line":349,"column":13},"end":{"line":349,"column":14}},"128":{"start":{"line":349,"column":21},"end":{"line":349,"column":22}},"129":{"start":{"line":349,"column":29},"end":{"line":349,"column":30}},"130":{"start":{"line":350,"column":4},"end":{"line":356,"column":5}},"131":{"start":{"line":350,"column":17},"end":{"line":350,"column":18}},"132":{"start":{"line":351,"column":16},"end":{"line":351,"column":28}},"133":{"start":{"line":353,"column":6},"end":{"line":353,"column":40}},"134":{"start":{"line":354,"column":6},"end":{"line":354,"column":42}},"135":{"start":{"line":355,"column":6},"end":{"line":355,"column":42}},"136":{"start":{"line":358,"column":18},"end":{"line":358,"column":46}},"137":{"start":{"line":359,"column":14},"end":{"line":359,"column":56}},"138":{"start":{"line":360,"column":14},"end":{"line":360,"column":56}},"139":{"start":{"line":361,"column":14},"end":{"line":361,"column":56}},"140":{"start":{"line":362,"column":4},"end":{"line":362,"column":21}},"141":{"start":{"line":70,"column":0},"end":{"line":70,"column":13}}},"fnMap":{"0":{"name":"alignedLength","decl":{"start":{"line":62,"column":9},"end":{"line":62,"column":22}},"loc":{"start":{"line":62,"column":32},"end":{"line":64,"column":1}}},"1":{"name":"(anonymous_1)","decl":{"start":{"line":103,"column":2},"end":{"line":103,"column":14}},"loc":{"start":{"line":103,"column":34},"end":{"line":113,"column":3}}},"2":{"name":"(anonymous_2)","decl":{"start":{"line":117,"column":2},"end":{"line":117,"column":6}},"loc":{"start":{"line":117,"column":11},"end":{"line":117,"column":45}}},"3":{"name":"(anonymous_3)","decl":{"start":{"line":118,"column":2},"end":{"line":118,"column":6}},"loc":{"start":{"line":118,"column":15},"end":{"line":118,"column":59}}},"4":{"name":"(anonymous_4)","decl":{"start":{"line":119,"column":2},"end":{"line":119,"column":6}},"loc":{"start":{"line":119,"column":12},"end":{"line":119,"column":53}}},"5":{"name":"(anonymous_5)","decl":{"start":{"line":127,"column":2},"end":{"line":127,"column":8}},"loc":{"start":{"line":127,"column":35},"end":{"line":169,"column":3}}},"6":{"name":"(anonymous_6)","decl":{"start":{"line":177,"column":2},"end":{"line":177,"column":11}},"loc":{"start":{"line":177,"column":31},"end":{"line":206,"column":3}}},"7":{"name":"(anonymous_7)","decl":{"start":{"line":211,"column":2},"end":{"line":211,"column":16}},"loc":{"start":{"line":211,"column":64},"end":{"line":218,"column":3}}},"8":{"name":"(anonymous_8)","decl":{"start":{"line":223,"column":2},"end":{"line":223,"column":17}},"loc":{"start":{"line":223,"column":54},"end":{"line":230,"column":3}}},"9":{"name":"(anonymous_9)","decl":{"start":{"line":238,"column":2},"end":{"line":238,"column":8}},"loc":{"start":{"line":238,"column":8},"end":{"line":269,"column":3}}},"10":{"name":"(anonymous_10)","decl":{"start":{"line":277,"column":2},"end":{"line":277,"column":6}},"loc":{"start":{"line":277,"column":6},"end":{"line":286,"column":3}}},"11":{"name":"(anonymous_11)","decl":{"start":{"line":290,"column":2},"end":{"line":290,"column":9}},"loc":{"start":{"line":290,"column":9},"end":{"line":300,"column":3}}},"12":{"name":"(anonymous_12)","decl":{"start":{"line":304,"column":10},"end":{"line":304,"column":30}},"loc":{"start":{"line":304,"column":77},"end":{"line":309,"column":3}}},"13":{"name":"(anonymous_13)","decl":{"start":{"line":311,"column":10},"end":{"line":311,"column":29}},"loc":{"start":{"line":318,"column":19},"end":{"line":325,"column":3}}},"14":{"name":"(anonymous_14)","decl":{"start":{"line":327,"column":10},"end":{"line":327,"column":20}},"loc":{"start":{"line":327,"column":34},"end":{"line":330,"column":3}}},"15":{"name":"(anonymous_15)","decl":{"start":{"line":346,"column":2},"end":{"line":346,"column":8}},"loc":{"start":{"line":346,"column":43},"end":{"line":363,"column":3}}}},"branchMap":{"0":{"loc":{"start":{"line":189,"column":32},"end":{"line":189,"column":40}},"type":"binary-expr","locations":[{"start":{"line":189,"column":32},"end":{"line":189,"column":35}},{"start":{"line":189,"column":39},"end":{"line":189,"column":40}}]},"1":{"loc":{"start":{"line":195,"column":29},"end":{"line":195,"column":39}},"type":"binary-expr","locations":[{"start":{"line":195,"column":29},"end":{"line":195,"column":32}},{"start":{"line":195,"column":36},"end":{"line":195,"column":39}}]},"2":{"loc":{"start":{"line":198,"column":28},"end":{"line":198,"column":41}},"type":"binary-expr","locations":[{"start":{"line":198,"column":28},"end":{"line":198,"column":34}},{"start":{"line":198,"column":38},"end":{"line":198,"column":41}}]},"3":{"loc":{"start":{"line":199,"column":28},"end":{"line":199,"column":50}},"type":"binary-expr","locations":[{"start":{"line":199,"column":28},"end":{"line":199,"column":43}},{"start":{"line":199,"column":47},"end":{"line":199,"column":50}}]},"4":{"loc":{"start":{"line":200,"column":28},"end":{"line":200,"column":50}},"type":"cond-expr","locations":[{"start":{"line":200,"column":41},"end":{"line":200,"column":44}},{"start":{"line":200,"column":47},"end":{"line":200,"column":50}}]},"5":{"loc":{"start":{"line":212,"column":4},"end":{"line":212,"column":37}},"type":"if","locations":[{"start":{"line":212,"column":4},"end":{"line":212,"column":37}},{"start":{},"end":{}}]},"6":{"loc":{"start":{"line":216,"column":30},"end":{"line":216,"column":36}},"type":"binary-expr","locations":[{"start":{"line":216,"column":30},"end":{"line":216,"column":31}},{"start":{"line":216,"column":35},"end":{"line":216,"column":36}}]},"7":{"loc":{"start":{"line":224,"column":16},"end":{"line":224,"column":36}},"type":"cond-expr","locations":[{"start":{"line":224,"column":27},"end":{"line":224,"column":30}},{"start":{"line":224,"column":33},"end":{"line":224,"column":36}}]},"8":{"loc":{"start":{"line":226,"column":6},"end":{"line":226,"column":39}},"type":"if","locations":[{"start":{"line":226,"column":6},"end":{"line":226,"column":39}},{"start":{},"end":{}}]},"9":{"loc":{"start":{"line":240,"column":4},"end":{"line":240,"column":58}},"type":"if","locations":[{"start":{"line":240,"column":4},"end":{"line":240,"column":58}},{"start":{},"end":{}}]},"10":{"loc":{"start":{"line":240,"column":8},"end":{"line":240,"column":49}},"type":"binary-expr","locations":[{"start":{"line":240,"column":8},"end":{"line":240,"column":11}},{"start":{"line":240,"column":15},"end":{"line":240,"column":49}}]},"11":{"loc":{"start":{"line":279,"column":4},"end":{"line":279,"column":55}},"type":"if","locations":[{"start":{"line":279,"column":4},"end":{"line":279,"column":55}},{"start":{},"end":{}}]},"12":{"loc":{"start":{"line":279,"column":8},"end":{"line":279,"column":46}},"type":"binary-expr","locations":[{"start":{"line":279,"column":8},"end":{"line":279,"column":11}},{"start":{"line":279,"column":15},"end":{"line":279,"column":25}},{"start":{"line":279,"column":29},"end":{"line":279,"column":46}}]},"13":{"loc":{"start":{"line":292,"column":4},"end":{"line":292,"column":20}},"type":"if","locations":[{"start":{"line":292,"column":4},"end":{"line":292,"column":20}},{"start":{},"end":{}}]},"14":{"loc":{"start":{"line":328,"column":4},"end":{"line":328,"column":59}},"type":"if","locations":[{"start":{"line":328,"column":4},"end":{"line":328,"column":59}},{"start":{},"end":{}}]},"15":{"loc":{"start":{"line":329,"column":4},"end":{"line":329,"column":61}},"type":"if","locations":[{"start":{"line":329,"column":4},"end":{"line":329,"column":61}},{"start":{},"end":{}}]}},"s":{"0":1,"1":1,"2":1,"3":1,"4":8,"5":8,"6":8,"7":8,"8":8,"9":8,"10":8,"11":8,"12":8,"13":8,"14":8,"15":8,"16":8,"17":8,"18":8,"19":8,"20":8,"21":8,"22":2,"23":6,"24":4,"25":6,"26":6,"27":6,"28":6,"29":6,"30":6,"31":6,"32":6,"33":6,"34":6,"35":6,"36":6,"37":6,"38":6,"39":6,"40":6,"41":6,"42":6,"43":6,"44":6,"45":6,"46":5,"47":5,"48":5,"49":5,"50":5,"51":5,"52":5,"53":5,"54":5,"55":5,"56":5,"57":5,"58":5,"59":5,"60":5,"61":5,"62":5,"63":5,"64":5,"65":1,"66":0,"67":1,"68":1,"69":1,"70":1,"71":1,"72":1,"73":1,"74":1,"75":0,"76":1,"77":1,"78":1,"79":1,"80":0,"81":1,"82":1,"83":1,"84":1,"85":1,"86":1,"87":1,"88":1,"89":1,"90":1,"91":1,"92":1,"93":1,"94":1,"95":1,"96":1,"97":1,"98":1,"99":0,"100":1,"101":1,"102":1,"103":1,"104":8,"105":8,"106":2,"107":6,"108":6,"109":6,"110":6,"111":6,"112":6,"113":6,"114":18,"115":18,"116":18,"117":18,"118":30,"119":30,"120":30,"121":30,"122":2,"123":0,"124":2,"125":0,"126":1,"127":1,"128":1,"129":1,"130":1,"131":1,"132":128,"133":128,"134":128,"135":128,"136":1,"137":1,"138":1,"139":1,"140":1,"141":1},"f":{"0":8,"1":8,"2":2,"3":6,"4":4,"5":6,"6":5,"7":1,"8":1,"9":1,"10":1,"11":8,"12":18,"13":30,"14":2,"15":1},"b":{"0":[5,5],"1":[5,5],"2":[5,5],"3":[5,5],"4":[0,5],"5":[0,1],"6":[1,0],"7":[1,0],"8":[0,1],"9":[0,1],"10":[1,1],"11":[0,1],"12":[1,1,1],"13":[2,6],"14":[0,2],"15":[0,2]}}
,"E:\\codex-Project\\work1\\Alignment_Engine\\frontend_plugin\\src\\webgl_engine\\OrbitController.ts": {"path":"E:\\codex-Project\\work1\\Alignment_Engine\\frontend_plugin\\src\\webgl_engine\\OrbitController.ts","statementMap":{"0":{"start":{"line":49,"column":46},"end":{"line":55,"column":2}},"1":{"start":{"line":60,"column":12},"end":{"line":60,"column":32}},"2":{"start":{"line":61,"column":2},"end":{"line":61,"column":34}},"3":{"start":{"line":62,"column":2},"end":{"line":62,"column":11}},"4":{"start":{"line":70,"column":12},"end":{"line":70,"column":32}},"5":{"start":{"line":71,"column":13},"end":{"line":71,"column":25}},"6":{"start":{"line":71,"column":32},"end":{"line":71,"column":44}},"7":{"start":{"line":71,"column":51},"end":{"line":71,"column":61}},"8":{"start":{"line":72,"column":2},"end":{"line":72,"column":17}},"9":{"start":{"line":73,"column":2},"end":{"line":73,"column":17}},"10":{"start":{"line":74,"column":2},"end":{"line":74,"column":18}},"11":{"start":{"line":75,"column":2},"end":{"line":75,"column":31}},"12":{"start":{"line":76,"column":2},"end":{"line":76,"column":31}},"13":{"start":{"line":77,"column":2},"end":{"line":77,"column":29}},"14":{"start":{"line":78,"column":2},"end":{"line":78,"column":12}},"15":{"start":{"line":79,"column":2},"end":{"line":79,"column":11}},"16":{"start":{"line":83,"column":14},"end":{"line":83,"column":34}},"17":{"start":{"line":84,"column":2},"end":{"line":92,"column":3}},"18":{"start":{"line":84,"column":15},"end":{"line":84,"column":16}},"19":{"start":{"line":85,"column":4},"end":{"line":91,"column":5}},"20":{"start":{"line":85,"column":17},"end":{"line":85,"column":18}},"21":{"start":{"line":86,"column":6},"end":{"line":90,"column":33}},"22":{"start":{"line":93,"column":2},"end":{"line":93,"column":13}},"23":{"start":{"line":97,"column":12},"end":{"line":97,"column":28}},"24":{"start":{"line":98,"column":2},"end":{"line":98,"column":13}},"25":{"start":{"line":99,"column":2},"end":{"line":99,"column":13}},"26":{"start":{"line":100,"column":2},"end":{"line":100,"column":11}},"27":{"start":{"line":110,"column":10},"end":{"line":110,"column":41}},"28":{"start":{"line":111,"column":10},"end":{"line":111,"column":22}},"29":{"start":{"line":112,"column":10},"end":{"line":112,"column":21}},"30":{"start":{"line":113,"column":10},"end":{"line":113,"column":21}},"31":{"start":{"line":116,"column":10},"end":{"line":116,"column":43}},"32":{"start":{"line":117,"column":10},"end":{"line":117,"column":30}},"33":{"start":{"line":118,"column":10},"end":{"line":118,"column":44}},"34":{"start":{"line":124,"column":10},"end":{"line":124,"column":51}},"35":{"start":{"line":125,"column":10},"end":{"line":125,"column":24}},"36":{"start":{"line":128,"column":10},"end":{"line":128,"column":56}},"37":{"start":{"line":131,"column":10},"end":{"line":131,"column":21}},"38":{"start":{"line":134,"column":4},"end":{"line":134,"column":52}},"39":{"start":{"line":139,"column":23},"end":{"line":139,"column":43}},"40":{"start":{"line":140,"column":23},"end":{"line":140,"column":41}},"41":{"start":{"line":142,"column":4},"end":{"line":142,"column":45}},"42":{"start":{"line":142,"column":21},"end":{"line":142,"column":45}},"43":{"start":{"line":143,"column":4},"end":{"line":143,"column":32}},"44":{"start":{"line":147,"column":4},"end":{"line":152,"column":6}},"45":{"start":{"line":157,"column":4},"end":{"line":157,"column":24}},"46":{"start":{"line":163,"column":4},"end":{"line":163,"column":22}},"47":{"start":{"line":164,"column":4},"end":{"line":164,"column":23}},"48":{"start":{"line":165,"column":4},"end":{"line":165,"column":23}},"49":{"start":{"line":175,"column":20},"end":{"line":175,"column":61}},"50":{"start":{"line":175,"column":39},"end":{"line":175,"column":61}},"51":{"start":{"line":176,"column":20},"end":{"line":176,"column":61}},"52":{"start":{"line":176,"column":39},"end":{"line":176,"column":61}},"53":{"start":{"line":177,"column":20},"end":{"line":177,"column":58}},"54":{"start":{"line":177,"column":39},"end":{"line":177,"column":58}},"55":{"start":{"line":178,"column":20},"end":{"line":178,"column":55}},"56":{"start":{"line":178,"column":39},"end":{"line":178,"column":55}},"57":{"start":{"line":180,"column":4},"end":{"line":180,"column":50}},"58":{"start":{"line":181,"column":4},"end":{"line":181,"column":50}},"59":{"start":{"line":182,"column":4},"end":{"line":182,"column":46}},"60":{"start":{"line":183,"column":4},"end":{"line":183,"column":49}},"61":{"start":{"line":184,"column":4},"end":{"line":184,"column":67}},"62":{"start":{"line":187,"column":4},"end":{"line":187,"column":29}},"63":{"start":{"line":189,"column":4},"end":{"line":196,"column":6}},"64":{"start":{"line":190,"column":6},"end":{"line":190,"column":55}},"65":{"start":{"line":191,"column":6},"end":{"line":191,"column":55}},"66":{"start":{"line":192,"column":6},"end":{"line":192,"column":51}},"67":{"start":{"line":193,"column":6},"end":{"line":193,"column":54}},"68":{"start":{"line":194,"column":6},"end":{"line":194,"column":52}},"69":{"start":{"line":195,"column":6},"end":{"line":195,"column":40}},"70":{"start":{"line":203,"column":4},"end":{"line":203,"column":23}},"71":{"start":{"line":204,"column":4},"end":{"line":204,"column":23}},"72":{"start":{"line":205,"column":4},"end":{"line":205,"column":23}},"73":{"start":{"line":206,"column":4},"end":{"line":206,"column":25}},"74":{"start":{"line":211,"column":4},"end":{"line":212,"column":64}},"75":{"start":{"line":213,"column":4},"end":{"line":213,"column":23}},"76":{"start":{"line":214,"column":4},"end":{"line":214,"column":25}},"77":{"start":{"line":219,"column":19},"end":{"line":219,"column":33}},"78":{"start":{"line":220,"column":19},"end":{"line":220,"column":33}},"79":{"start":{"line":221,"column":22},"end":{"line":221,"column":39}},"80":{"start":{"line":223,"column":17},"end":{"line":231,"column":5}},"81":{"start":{"line":224,"column":16},"end":{"line":224,"column":73}},"82":{"start":{"line":225,"column":19},"end":{"line":225,"column":38}},"83":{"start":{"line":226,"column":6},"end":{"line":226,"column":52}},"84":{"start":{"line":227,"column":6},"end":{"line":227,"column":52}},"85":{"start":{"line":228,"column":6},"end":{"line":228,"column":25}},"86":{"start":{"line":229,"column":6},"end":{"line":229,"column":27}},"87":{"start":{"line":230,"column":6},"end":{"line":230,"column":45}},"88":{"start":{"line":230,"column":17},"end":{"line":230,"column":45}},"89":{"start":{"line":232,"column":4},"end":{"line":232,"column":32}},"90":{"start":{"line":238,"column":18},"end":{"line":238,"column":31}},"91":{"start":{"line":239,"column":18},"end":{"line":239,"column":31}},"92":{"start":{"line":240,"column":4},"end":{"line":243,"column":6}},"93":{"start":{"line":248,"column":18},"end":{"line":248,"column":31}},"94":{"start":{"line":249,"column":18},"end":{"line":249,"column":31}},"95":{"start":{"line":250,"column":4},"end":{"line":253,"column":6}},"96":{"start":{"line":259,"column":4},"end":{"line":259,"column":31}},"97":{"start":{"line":259,"column":24},"end":{"line":259,"column":31}},"98":{"start":{"line":260,"column":4},"end":{"line":260,"column":28}},"99":{"start":{"line":261,"column":4},"end":{"line":261,"column":53}},"100":{"start":{"line":262,"column":4},"end":{"line":262,"column":36}},"101":{"start":{"line":266,"column":4},"end":{"line":266,"column":34}},"102":{"start":{"line":266,"column":27},"end":{"line":266,"column":34}},"103":{"start":{"line":268,"column":15},"end":{"line":268,"column":44}},"104":{"start":{"line":269,"column":15},"end":{"line":269,"column":44}},"105":{"start":{"line":272,"column":4},"end":{"line":272,"column":68}},"106":{"start":{"line":273,"column":4},"end":{"line":273,"column":68}},"107":{"start":{"line":276,"column":4},"end":{"line":276,"column":70}},"108":{"start":{"line":277,"column":4},"end":{"line":277,"column":70}},"109":{"start":{"line":279,"column":4},"end":{"line":279,"column":53}},"110":{"start":{"line":280,"column":4},"end":{"line":280,"column":23}},"111":{"start":{"line":281,"column":4},"end":{"line":281,"column":25}},"112":{"start":{"line":285,"column":4},"end":{"line":285,"column":29}},"113":{"start":{"line":290,"column":4},"end":{"line":290,"column":23}},"114":{"start":{"line":293,"column":24},"end":{"line":293,"column":64}},"115":{"start":{"line":296,"column":19},"end":{"line":296,"column":62}},"116":{"start":{"line":297,"column":4},"end":{"line":298,"column":79}},"117":{"start":{"line":301,"column":23},"end":{"line":301,"column":63}},"118":{"start":{"line":304,"column":4},"end":{"line":304,"column":51}},"119":{"start":{"line":305,"column":4},"end":{"line":305,"column":51}},"120":{"start":{"line":307,"column":4},"end":{"line":307,"column":23}},"121":{"start":{"line":308,"column":4},"end":{"line":308,"column":25}},"122":{"start":{"line":314,"column":17},"end":{"line":329,"column":5}},"123":{"start":{"line":315,"column":6},"end":{"line":327,"column":7}},"124":{"start":{"line":316,"column":22},"end":{"line":316,"column":47}},"125":{"start":{"line":317,"column":8},"end":{"line":317,"column":34}},"126":{"start":{"line":318,"column":8},"end":{"line":318,"column":34}},"127":{"start":{"line":320,"column":8},"end":{"line":326,"column":9}},"128":{"start":{"line":322,"column":10},"end":{"line":322,"column":45}},"129":{"start":{"line":323,"column":10},"end":{"line":323,"column":45}},"130":{"start":{"line":324,"column":10},"end":{"line":324,"column":29}},"131":{"start":{"line":325,"column":10},"end":{"line":325,"column":31}},"132":{"start":{"line":328,"column":6},"end":{"line":328,"column":48}},"133":{"start":{"line":330,"column":4},"end":{"line":330,"column":46}},"134":{"start":{"line":336,"column":18},"end":{"line":336,"column":46}},"135":{"start":{"line":337,"column":18},"end":{"line":337,"column":46}},"136":{"start":{"line":340,"column":17},"end":{"line":343,"column":null}},"137":{"start":{"line":347,"column":17},"end":{"line":347,"column":68}},"138":{"start":{"line":350,"column":4},"end":{"line":350,"column":48}},"139":{"start":{"line":351,"column":4},"end":{"line":351,"column":24}},"140":{"start":{"line":355,"column":4},"end":{"line":355,"column":42}},"141":{"start":{"line":108,"column":0},"end":{"line":108,"column":13}}},"fnMap":{"0":{"name":"createIdentity","decl":{"start":{"line":59,"column":9},"end":{"line":59,"column":23}},"loc":{"start":{"line":59,"column":23},"end":{"line":63,"column":1}}},"1":{"name":"orthoProjection","decl":{"start":{"line":65,"column":9},"end":{"line":65,"column":24}},"loc":{"start":{"line":68,"column":27},"end":{"line":80,"column":1}}},"2":{"name":"multiply","decl":{"start":{"line":82,"column":9},"end":{"line":82,"column":17}},"loc":{"start":{"line":82,"column":34},"end":{"line":94,"column":1}}},"3":{"name":"translationMatrix","decl":{"start":{"line":96,"column":9},"end":{"line":96,"column":26}},"loc":{"start":{"line":96,"column":49},"end":{"line":101,"column":1}}},"4":{"name":"(anonymous_4)","decl":{"start":{"line":133,"column":2},"end":{"line":133,"column":14}},"loc":{"start":{"line":133,"column":38},"end":{"line":135,"column":3}}},"5":{"name":"(anonymous_5)","decl":{"start":{"line":139,"column":2},"end":{"line":139,"column":6}},"loc":{"start":{"line":139,"column":12},"end":{"line":139,"column":45}}},"6":{"name":"(anonymous_6)","decl":{"start":{"line":140,"column":2},"end":{"line":140,"column":6}},"loc":{"start":{"line":140,"column":10},"end":{"line":140,"column":43}}},"7":{"name":"(anonymous_7)","decl":{"start":{"line":141,"column":2},"end":{"line":141,"column":6}},"loc":{"start":{"line":141,"column":20},"end":{"line":144,"column":3}}},"8":{"name":"(anonymous_8)","decl":{"start":{"line":146,"column":2},"end":{"line":146,"column":6}},"loc":{"start":{"line":146,"column":11},"end":{"line":153,"column":3}}},"9":{"name":"(anonymous_9)","decl":{"start":{"line":156,"column":2},"end":{"line":156,"column":6}},"loc":{"start":{"line":156,"column":46},"end":{"line":158,"column":3}}},"10":{"name":"(anonymous_10)","decl":{"start":{"line":162,"column":2},"end":{"line":162,"column":13}},"loc":{"start":{"line":162,"column":43},"end":{"line":166,"column":3}}},"11":{"name":"(anonymous_11)","decl":{"start":{"line":174,"column":2},"end":{"line":174,"column":6}},"loc":{"start":{"line":174,"column":27},"end":{"line":197,"column":3}}},"12":{"name":"(anonymous_12)","decl":{"start":{"line":175,"column":20},"end":{"line":175,"column":21}},"loc":{"start":{"line":175,"column":39},"end":{"line":175,"column":61}}},"13":{"name":"(anonymous_13)","decl":{"start":{"line":176,"column":20},"end":{"line":176,"column":21}},"loc":{"start":{"line":176,"column":39},"end":{"line":176,"column":61}}},"14":{"name":"(anonymous_14)","decl":{"start":{"line":177,"column":20},"end":{"line":177,"column":36}},"loc":{"start":{"line":177,"column":39},"end":{"line":177,"column":58}}},"15":{"name":"(anonymous_15)","decl":{"start":{"line":178,"column":20},"end":{"line":178,"column":21}},"loc":{"start":{"line":178,"column":39},"end":{"line":178,"column":55}}},"16":{"name":"(anonymous_16)","decl":{"start":{"line":189,"column":11},"end":{"line":189,"column":14}},"loc":{"start":{"line":189,"column":16},"end":{"line":196,"column":5}}},"17":{"name":"(anonymous_17)","decl":{"start":{"line":202,"column":2},"end":{"line":202,"column":11}},"loc":{"start":{"line":202,"column":32},"end":{"line":207,"column":3}}},"18":{"name":"(anonymous_18)","decl":{"start":{"line":210,"column":2},"end":{"line":210,"column":9}},"loc":{"start":{"line":210,"column":22},"end":{"line":215,"column":3}}},"19":{"name":"(anonymous_19)","decl":{"start":{"line":218,"column":2},"end":{"line":218,"column":7}},"loc":{"start":{"line":218,"column":46},"end":{"line":233,"column":3}}},"20":{"name":"(anonymous_20)","decl":{"start":{"line":223,"column":17},"end":{"line":223,"column":20}},"loc":{"start":{"line":223,"column":22},"end":{"line":231,"column":5}}},"21":{"name":"(anonymous_21)","decl":{"start":{"line":236,"column":2},"end":{"line":236,"column":15}},"loc":{"start":{"line":236,"column":48},"end":{"line":244,"column":3}}},"22":{"name":"(anonymous_22)","decl":{"start":{"line":247,"column":2},"end":{"line":247,"column":15}},"loc":{"start":{"line":247,"column":46},"end":{"line":254,"column":3}}},"23":{"name":"(anonymous_23)","decl":{"start":{"line":258,"column":10},"end":{"line":258,"column":24}},"loc":{"start":{"line":258,"column":38},"end":{"line":263,"column":3}}},"24":{"name":"(anonymous_24)","decl":{"start":{"line":265,"column":10},"end":{"line":265,"column":24}},"loc":{"start":{"line":265,"column":38},"end":{"line":282,"column":3}}},"25":{"name":"(anonymous_25)","decl":{"start":{"line":284,"column":10},"end":{"line":284,"column":22}},"loc":{"start":{"line":284,"column":22},"end":{"line":287,"column":3}}},"26":{"name":"(anonymous_26)","decl":{"start":{"line":289,"column":10},"end":{"line":289,"column":18}},"loc":{"start":{"line":289,"column":32},"end":{"line":309,"column":3}}},"27":{"name":"(anonymous_27)","decl":{"start":{"line":313,"column":10},"end":{"line":313,"column":27}},"loc":{"start":{"line":313,"column":27},"end":{"line":331,"column":3}}},"28":{"name":"(anonymous_28)","decl":{"start":{"line":314,"column":17},"end":{"line":314,"column":20}},"loc":{"start":{"line":314,"column":22},"end":{"line":329,"column":5}}},"29":{"name":"(anonymous_29)","decl":{"start":{"line":335,"column":10},"end":{"line":335,"column":26}},"loc":{"start":{"line":335,"column":26},"end":{"line":352,"column":3}}},"30":{"name":"(anonymous_30)","decl":{"start":{"line":354,"column":10},"end":{"line":354,"column":23}},"loc":{"start":{"line":354,"column":23},"end":{"line":356,"column":3}}}},"branchMap":{"0":{"loc":{"start":{"line":133,"column":14},"end":{"line":133,"column":38}},"type":"default-arg","locations":[{"start":{"line":133,"column":36},"end":{"line":133,"column":38}}]},"1":{"loc":{"start":{"line":142,"column":4},"end":{"line":142,"column":45}},"type":"if","locations":[{"start":{"line":142,"column":4},"end":{"line":142,"column":45}},{"start":{},"end":{}}]},"2":{"loc":{"start":{"line":218,"column":30},"end":{"line":218,"column":46}},"type":"default-arg","locations":[{"start":{"line":218,"column":43},"end":{"line":218,"column":46}}]},"3":{"loc":{"start":{"line":230,"column":6},"end":{"line":230,"column":45}},"type":"if","locations":[{"start":{"line":230,"column":6},"end":{"line":230,"column":45}},{"start":{},"end":{}}]},"4":{"loc":{"start":{"line":259,"column":4},"end":{"line":259,"column":31}},"type":"if","locations":[{"start":{"line":259,"column":4},"end":{"line":259,"column":31}},{"start":{},"end":{}}]},"5":{"loc":{"start":{"line":266,"column":4},"end":{"line":266,"column":34}},"type":"if","locations":[{"start":{"line":266,"column":4},"end":{"line":266,"column":34}},{"start":{},"end":{}}]},"6":{"loc":{"start":{"line":315,"column":6},"end":{"line":327,"column":7}},"type":"if","locations":[{"start":{"line":315,"column":6},"end":{"line":327,"column":7}},{"start":{},"end":{}}]},"7":{"loc":{"start":{"line":320,"column":8},"end":{"line":326,"column":9}},"type":"if","locations":[{"start":{"line":320,"column":8},"end":{"line":326,"column":9}},{"start":{},"end":{}}]},"8":{"loc":{"start":{"line":320,"column":12},"end":{"line":321,"column":46}},"type":"binary-expr","locations":[{"start":{"line":320,"column":12},"end":{"line":320,"column":46}},{"start":{"line":321,"column":12},"end":{"line":321,"column":46}}]}},"s":{"0":1,"1":9,"2":9,"3":9,"4":1,"5":1,"6":1,"7":1,"8":1,"9":1,"10":1,"11":1,"12":1,"13":1,"14":1,"15":1,"16":1,"17":1,"18":1,"19":4,"20":4,"21":16,"22":1,"23":1,"24":1,"25":1,"26":1,"27":8,"28":8,"29":8,"30":8,"31":8,"32":8,"33":8,"34":8,"35":8,"36":8,"37":8,"38":8,"39":0,"40":0,"41":1,"42":1,"43":1,"44":4,"45":0,"46":8,"47":8,"48":8,"49":1,"50":0,"51":1,"52":0,"53":1,"54":0,"55":1,"56":0,"57":1,"58":1,"59":1,"60":1,"61":1,"62":1,"63":1,"64":1,"65":1,"66":1,"67":1,"68":1,"69":1,"70":1,"71":1,"72":1,"73":1,"74":1,"75":1,"76":1,"77":1,"78":1,"79":1,"80":1,"81":0,"82":0,"83":0,"84":0,"85":0,"86":0,"87":0,"88":0,"89":1,"90":5,"91":5,"92":5,"93":1,"94":1,"95":1,"96":2,"97":1,"98":1,"99":1,"100":1,"101":2,"102":1,"103":1,"104":1,"105":1,"106":1,"107":1,"108":1,"109":1,"110":1,"111":1,"112":1,"113":2,"114":2,"115":2,"116":2,"117":2,"118":2,"119":2,"120":2,"121":2,"122":1,"123":0,"124":0,"125":0,"126":0,"127":0,"128":0,"129":0,"130":0,"131":0,"132":0,"133":1,"134":1,"135":1,"136":1,"137":1,"138":1,"139":1,"140":5,"141":1},"f":{"0":9,"1":1,"2":1,"3":1,"4":8,"5":0,"6":0,"7":1,"8":4,"9":0,"10":8,"11":1,"12":0,"13":0,"14":0,"15":0,"16":1,"17":1,"18":1,"19":1,"20":0,"21":5,"22":1,"23":2,"24":2,"25":1,"26":2,"27":1,"28":0,"29":1,"30":5},"b":{"0":[8],"1":[1,0],"2":[0],"3":[0,0],"4":[1,1],"5":[1,1],"6":[0,0],"7":[0,0],"8":[0,0]}}
,"E:\\codex-Project\\work1\\Alignment_Engine\\frontend_plugin\\src\\webgl_engine\\Raycaster.ts": {"path":"E:\\codex-Project\\work1\\Alignment_Engine\\frontend_plugin\\src\\webgl_engine\\Raycaster.ts","statementMap":{"0":{"start":{"line":38,"column":28},"end":{"line":38,"column":30}},"1":{"start":{"line":41,"column":18},"end":{"line":41,"column":20}},"2":{"start":{"line":44,"column":51},"end":{"line":47,"column":2}},"3":{"start":{"line":55,"column":2},"end":{"line":55,"column":30}},"4":{"start":{"line":56,"column":2},"end":{"line":56,"column":85}},"5":{"start":{"line":58,"column":2},"end":{"line":58,"column":16}},"6":{"start":{"line":61,"column":4},"end":{"line":61,"column":25}},"7":{"start":{"line":62,"column":4},"end":{"line":62,"column":23}},"8":{"start":{"line":66,"column":26},"end":{"line":66,"column":75}},"9":{"start":{"line":67,"column":26},"end":{"line":67,"column":75}},"10":{"start":{"line":68,"column":26},"end":{"line":68,"column":75}},"11":{"start":{"line":77,"column":10},"end":{"line":77,"column":20}},"12":{"start":{"line":80,"column":4},"end":{"line":80,"column":43}},"13":{"start":{"line":83,"column":23},"end":{"line":83,"column":41}},"14":{"start":{"line":95,"column":15},"end":{"line":95,"column":23}},"15":{"start":{"line":95,"column":32},"end":{"line":95,"column":41}},"16":{"start":{"line":96,"column":15},"end":{"line":96,"column":23}},"17":{"start":{"line":96,"column":32},"end":{"line":96,"column":41}},"18":{"start":{"line":97,"column":15},"end":{"line":97,"column":23}},"19":{"start":{"line":97,"column":32},"end":{"line":97,"column":41}},"20":{"start":{"line":99,"column":4},"end":{"line":105,"column":5}},"21":{"start":{"line":99,"column":17},"end":{"line":99,"column":18}},"22":{"start":{"line":100,"column":17},"end":{"line":100,"column":22}},"23":{"start":{"line":101,"column":16},"end":{"line":101,"column":26}},"24":{"start":{"line":101,"column":32},"end":{"line":101,"column":46}},"25":{"start":{"line":101,"column":52},"end":{"line":101,"column":66}},"26":{"start":{"line":102,"column":6},"end":{"line":102,"column":29}},"27":{"start":{"line":102,"column":20},"end":{"line":102,"column":29}},"28":{"start":{"line":102,"column":30},"end":{"line":102,"column":53}},"29":{"start":{"line":102,"column":44},"end":{"line":102,"column":53}},"30":{"start":{"line":103,"column":6},"end":{"line":103,"column":29}},"31":{"start":{"line":103,"column":20},"end":{"line":103,"column":29}},"32":{"start":{"line":103,"column":30},"end":{"line":103,"column":53}},"33":{"start":{"line":103,"column":44},"end":{"line":103,"column":53}},"34":{"start":{"line":104,"column":6},"end":{"line":104,"column":29}},"35":{"start":{"line":104,"column":20},"end":{"line":104,"column":29}},"36":{"start":{"line":104,"column":30},"end":{"line":104,"column":53}},"37":{"start":{"line":104,"column":44},"end":{"line":104,"column":53}},"38":{"start":{"line":108,"column":16},"end":{"line":108,"column":75}},"39":{"start":{"line":109,"column":4},"end":{"line":112,"column":10}},"40":{"start":{"line":115,"column":4},"end":{"line":122,"column":5}},"41":{"start":{"line":115,"column":17},"end":{"line":115,"column":18}},"42":{"start":{"line":116,"column":17},"end":{"line":116,"column":22}},"43":{"start":{"line":117,"column":6},"end":{"line":120,"column":9}},"44":{"start":{"line":121,"column":6},"end":{"line":121,"column":19}},"45":{"start":{"line":129,"column":15},"end":{"line":129,"column":23}},"46":{"start":{"line":129,"column":32},"end":{"line":129,"column":41}},"47":{"start":{"line":130,"column":15},"end":{"line":130,"column":23}},"48":{"start":{"line":130,"column":32},"end":{"line":130,"column":41}},"49":{"start":{"line":131,"column":4},"end":{"line":134,"column":5}},"50":{"start":{"line":131,"column":17},"end":{"line":131,"column":18}},"51":{"start":{"line":132,"column":6},"end":{"line":132,"column":37}},"52":{"start":{"line":132,"column":24},"end":{"line":132,"column":37}},"53":{"start":{"line":132,"column":38},"end":{"line":132,"column":69}},"54":{"start":{"line":132,"column":56},"end":{"line":132,"column":69}},"55":{"start":{"line":133,"column":6},"end":{"line":133,"column":37}},"56":{"start":{"line":133,"column":24},"end":{"line":133,"column":37}},"57":{"start":{"line":133,"column":38},"end":{"line":133,"column":69}},"58":{"start":{"line":133,"column":56},"end":{"line":133,"column":69}},"59":{"start":{"line":135,"column":16},"end":{"line":135,"column":62}},"60":{"start":{"line":136,"column":4},"end":{"line":139,"column":10}},"61":{"start":{"line":140,"column":4},"end":{"line":143,"column":5}},"62":{"start":{"line":140,"column":17},"end":{"line":140,"column":18}},"63":{"start":{"line":141,"column":6},"end":{"line":141,"column":71}},"64":{"start":{"line":142,"column":6},"end":{"line":142,"column":19}},"65":{"start":{"line":154,"column":32},"end":{"line":154,"column":34}},"66":{"start":{"line":156,"column":4},"end":{"line":156,"column":65}},"67":{"start":{"line":159,"column":4},"end":{"line":159,"column":49}},"68":{"start":{"line":159,"column":24},"end":{"line":159,"column":47}},"69":{"start":{"line":160,"column":4},"end":{"line":160,"column":16}},"70":{"start":{"line":167,"column":4},"end":{"line":167,"column":43}},"71":{"start":{"line":176,"column":35},"end":{"line":176,"column":37}},"72":{"start":{"line":177,"column":15},"end":{"line":177,"column":30}},"73":{"start":{"line":178,"column":4},"end":{"line":178,"column":68}},"74":{"start":{"line":179,"column":4},"end":{"line":179,"column":52}},"75":{"start":{"line":179,"column":27},"end":{"line":179,"column":50}},"76":{"start":{"line":180,"column":4},"end":{"line":180,"column":19}},"77":{"start":{"line":187,"column":35},"end":{"line":187,"column":37}},"78":{"start":{"line":188,"column":4},"end":{"line":188,"column":55}},"79":{"start":{"line":189,"column":4},"end":{"line":189,"column":19}},"80":{"start":{"line":195,"column":4},"end":{"line":202,"column":5}},"81":{"start":{"line":196,"column":6},"end":{"line":196,"column":30}},"82":{"start":{"line":198,"column":6},"end":{"line":200,"column":7}},"83":{"start":{"line":199,"column":8},"end":{"line":199,"column":26}},"84":{"start":{"line":201,"column":6},"end":{"line":201,"column":13}},"85":{"start":{"line":205,"column":19},"end":{"line":205,"column":47}},"86":{"start":{"line":206,"column":4},"end":{"line":208,"column":5}},"87":{"start":{"line":207,"column":6},"end":{"line":207,"column":62}},"88":{"start":{"line":209,"column":4},"end":{"line":209,"column":48}},"89":{"start":{"line":213,"column":4},"end":{"line":213,"column":24}},"90":{"start":{"line":214,"column":22},"end":{"line":214,"column":33}},"91":{"start":{"line":215,"column":4},"end":{"line":215,"column":21}},"92":{"start":{"line":217,"column":4},"end":{"line":223,"column":5}},"93":{"start":{"line":218,"column":21},"end":{"line":218,"column":49}},"94":{"start":{"line":219,"column":6},"end":{"line":221,"column":7}},"95":{"start":{"line":220,"column":8},"end":{"line":220,"column":64}},"96":{"start":{"line":222,"column":6},"end":{"line":222,"column":50}},"97":{"start":{"line":227,"column":15},"end":{"line":227,"column":27}},"98":{"start":{"line":227,"column":34},"end":{"line":227,"column":46}},"99":{"start":{"line":227,"column":53},"end":{"line":227,"column":65}},"100":{"start":{"line":228,"column":17},"end":{"line":228,"column":18}},"101":{"start":{"line":229,"column":4},"end":{"line":229,"column":35}},"102":{"start":{"line":229,"column":23},"end":{"line":229,"column":35}},"103":{"start":{"line":230,"column":4},"end":{"line":230,"column":35}},"104":{"start":{"line":230,"column":23},"end":{"line":230,"column":35}},"105":{"start":{"line":231,"column":4},"end":{"line":231,"column":35}},"106":{"start":{"line":231,"column":23},"end":{"line":231,"column":35}},"107":{"start":{"line":232,"column":4},"end":{"line":232,"column":18}},"108":{"start":{"line":236,"column":15},"end":{"line":236,"column":29}},"109":{"start":{"line":236,"column":36},"end":{"line":236,"column":50}},"110":{"start":{"line":236,"column":57},"end":{"line":236,"column":71}},"111":{"start":{"line":237,"column":16},"end":{"line":237,"column":38}},"112":{"start":{"line":238,"column":19},"end":{"line":238,"column":42}},"113":{"start":{"line":239,"column":19},"end":{"line":239,"column":42}},"114":{"start":{"line":240,"column":19},"end":{"line":240,"column":42}},"115":{"start":{"line":242,"column":4},"end":{"line":249,"column":25}},"116":{"start":{"line":260,"column":4},"end":{"line":260,"column":22}},"117":{"start":{"line":260,"column":15},"end":{"line":260,"column":22}},"118":{"start":{"line":263,"column":4},"end":{"line":275,"column":5}},"119":{"start":{"line":264,"column":6},"end":{"line":273,"column":7}},"120":{"start":{"line":265,"column":18},"end":{"line":265,"column":69}},"121":{"start":{"line":266,"column":8},"end":{"line":272,"column":9}},"122":{"start":{"line":267,"column":10},"end":{"line":267,"column":80}},"123":{"start":{"line":268,"column":10},"end":{"line":268,"column":32}},"124":{"start":{"line":269,"column":15},"end":{"line":272,"column":9}},"125":{"start":{"line":270,"column":10},"end":{"line":270,"column":79}},"126":{"start":{"line":271,"column":10},"end":{"line":271,"column":34}},"127":{"start":{"line":274,"column":6},"end":{"line":274,"column":13}},"128":{"start":{"line":278,"column":59},"end":{"line":278,"column":61}},"129":{"start":{"line":279,"column":4},"end":{"line":286,"column":5}},"130":{"start":{"line":280,"column":6},"end":{"line":285,"column":7}},"131":{"start":{"line":281,"column":8},"end":{"line":284,"column":11}},"132":{"start":{"line":287,"column":4},"end":{"line":287,"column":45}},"133":{"start":{"line":287,"column":28},"end":{"line":287,"column":43}},"134":{"start":{"line":290,"column":20},"end":{"line":290,"column":71}},"135":{"start":{"line":292,"column":4},"end":{"line":295,"column":5}},"136":{"start":{"line":293,"column":6},"end":{"line":293,"column":52}},"137":{"start":{"line":293,"column":46},"end":{"line":293,"column":52}},"138":{"start":{"line":294,"column":6},"end":{"line":294,"column":62}},"139":{"start":{"line":306,"column":4},"end":{"line":306,"column":22}},"140":{"start":{"line":306,"column":15},"end":{"line":306,"column":22}},"141":{"start":{"line":309,"column":4},"end":{"line":309,"column":70}},"142":{"start":{"line":309,"column":63},"end":{"line":309,"column":70}},"143":{"start":{"line":311,"column":4},"end":{"line":319,"column":5}},"144":{"start":{"line":312,"column":6},"end":{"line":317,"column":7}},"145":{"start":{"line":313,"column":19},"end":{"line":313,"column":70}},"146":{"start":{"line":314,"column":8},"end":{"line":316,"column":9}},"147":{"start":{"line":315,"column":10},"end":{"line":315,"column":84}},"148":{"start":{"line":318,"column":6},"end":{"line":318,"column":13}},"149":{"start":{"line":321,"column":4},"end":{"line":323,"column":5}},"150":{"start":{"line":322,"column":6},"end":{"line":322,"column":65}},"151":{"start":{"line":333,"column":4},"end":{"line":333,"column":22}},"152":{"start":{"line":333,"column":15},"end":{"line":333,"column":22}},"153":{"start":{"line":336,"column":4},"end":{"line":336,"column":56}},"154":{"start":{"line":336,"column":49},"end":{"line":336,"column":56}},"155":{"start":{"line":338,"column":4},"end":{"line":347,"column":5}},"156":{"start":{"line":339,"column":6},"end":{"line":345,"column":7}},"157":{"start":{"line":340,"column":8},"end":{"line":344,"column":9}},"158":{"start":{"line":343,"column":10},"end":{"line":343,"column":72}},"159":{"start":{"line":346,"column":6},"end":{"line":346,"column":13}},"160":{"start":{"line":349,"column":4},"end":{"line":351,"column":5}},"161":{"start":{"line":350,"column":6},"end":{"line":350,"column":52}},"162":{"start":{"line":358,"column":15},"end":{"line":358,"column":66}},"163":{"start":{"line":359,"column":15},"end":{"line":359,"column":66}},"164":{"start":{"line":360,"column":15},"end":{"line":360,"column":66}},"165":{"start":{"line":361,"column":4},"end":{"line":361,"column":39}},"166":{"start":{"line":366,"column":4},"end":{"line":368,"column":48}},"167":{"start":{"line":374,"column":12},"end":{"line":374,"column":27}},"168":{"start":{"line":375,"column":4},"end":{"line":381,"column":5}},"169":{"start":{"line":376,"column":21},"end":{"line":376,"column":33}},"170":{"start":{"line":377,"column":6},"end":{"line":380,"column":19}},"171":{"start":{"line":378,"column":8},"end":{"line":378,"column":58}},"172":{"start":{"line":379,"column":8},"end":{"line":379,"column":19}},"173":{"start":{"line":380,"column":13},"end":{"line":380,"column":19}},"174":{"start":{"line":385,"column":12},"end":{"line":385,"column":13}},"175":{"start":{"line":386,"column":14},"end":{"line":386,"column":25}},"176":{"start":{"line":387,"column":4},"end":{"line":396,"column":5}},"177":{"start":{"line":388,"column":20},"end":{"line":388,"column":21}},"178":{"start":{"line":389,"column":19},"end":{"line":389,"column":28}},"179":{"start":{"line":389,"column":38},"end":{"line":389,"column":47}},"180":{"start":{"line":390,"column":6},"end":{"line":390,"column":83}},"181":{"start":{"line":390,"column":68},"end":{"line":390,"column":83}},"182":{"start":{"line":391,"column":6},"end":{"line":391,"column":86}},"183":{"start":{"line":391,"column":70},"end":{"line":391,"column":86}},"184":{"start":{"line":392,"column":6},"end":{"line":395,"column":19}},"185":{"start":{"line":393,"column":8},"end":{"line":393,"column":60}},"186":{"start":{"line":394,"column":8},"end":{"line":394,"column":20}},"187":{"start":{"line":395,"column":13},"end":{"line":395,"column":19}},"188":{"start":{"line":75,"column":0},"end":{"line":75,"column":13}}},"fnMap":{"0":{"name":"(anonymous_0)","decl":{"start":{"line":60,"column":2},"end":{"line":60,"column":14}},"loc":{"start":{"line":60,"column":41},"end":{"line":63,"column":3}}},"1":{"name":"(anonymous_1)","decl":{"start":{"line":66,"column":2},"end":{"line":66,"column":6}},"loc":{"start":{"line":66,"column":13},"end":{"line":66,"column":77}}},"2":{"name":"(anonymous_2)","decl":{"start":{"line":67,"column":2},"end":{"line":67,"column":6}},"loc":{"start":{"line":67,"column":13},"end":{"line":67,"column":77}}},"3":{"name":"(anonymous_3)","decl":{"start":{"line":68,"column":2},"end":{"line":68,"column":6}},"loc":{"start":{"line":68,"column":13},"end":{"line":68,"column":77}}},"4":{"name":"(anonymous_4)","decl":{"start":{"line":79,"column":2},"end":{"line":79,"column":14}},"loc":{"start":{"line":79,"column":26},"end":{"line":81,"column":3}}},"5":{"name":"(anonymous_5)","decl":{"start":{"line":83,"column":2},"end":{"line":83,"column":6}},"loc":{"start":{"line":83,"column":10},"end":{"line":83,"column":43}}},"6":{"name":"(anonymous_6)","decl":{"start":{"line":93,"column":2},"end":{"line":93,"column":20}},"loc":{"start":{"line":93,"column":61},"end":{"line":123,"column":3}}},"7":{"name":"(anonymous_7)","decl":{"start":{"line":128,"column":2},"end":{"line":128,"column":13}},"loc":{"start":{"line":128,"column":63},"end":{"line":144,"column":3}}},"8":{"name":"(anonymous_8)","decl":{"start":{"line":152,"column":2},"end":{"line":152,"column":14}},"loc":{"start":{"line":152,"column":60},"end":{"line":161,"column":3}}},"9":{"name":"(anonymous_9)","decl":{"start":{"line":159,"column":14},"end":{"line":159,"column":15}},"loc":{"start":{"line":159,"column":24},"end":{"line":159,"column":47}}},"10":{"name":"(anonymous_10)","decl":{"start":{"line":166,"column":2},"end":{"line":166,"column":16}},"loc":{"start":{"line":166,"column":50},"end":{"line":168,"column":3}}},"11":{"name":"(anonymous_11)","decl":{"start":{"line":175,"column":2},"end":{"line":175,"column":13}},"loc":{"start":{"line":175,"column":64},"end":{"line":181,"column":3}}},"12":{"name":"(anonymous_12)","decl":{"start":{"line":179,"column":17},"end":{"line":179,"column":18}},"loc":{"start":{"line":179,"column":27},"end":{"line":179,"column":50}}},"13":{"name":"(anonymous_13)","decl":{"start":{"line":186,"column":2},"end":{"line":186,"column":11}},"loc":{"start":{"line":186,"column":21},"end":{"line":190,"column":3}}},"14":{"name":"(anonymous_14)","decl":{"start":{"line":194,"column":10},"end":{"line":194,"column":17}},"loc":{"start":{"line":194,"column":55},"end":{"line":210,"column":3}}},"15":{"name":"(anonymous_15)","decl":{"start":{"line":212,"column":10},"end":{"line":212,"column":16}},"loc":{"start":{"line":212,"column":33},"end":{"line":224,"column":3}}},"16":{"name":"(anonymous_16)","decl":{"start":{"line":226,"column":10},"end":{"line":226,"column":20}},"loc":{"start":{"line":226,"column":58},"end":{"line":233,"column":3}}},"17":{"name":"(anonymous_17)","decl":{"start":{"line":235,"column":10},"end":{"line":235,"column":22}},"loc":{"start":{"line":235,"column":57},"end":{"line":250,"column":3}}},"18":{"name":"(anonymous_18)","decl":{"start":{"line":254,"column":10},"end":{"line":254,"column":32}},"loc":{"start":{"line":258,"column":23},"end":{"line":296,"column":3}}},"19":{"name":"(anonymous_19)","decl":{"start":{"line":287,"column":18},"end":{"line":287,"column":19}},"loc":{"start":{"line":287,"column":28},"end":{"line":287,"column":43}}},"20":{"name":"(anonymous_20)","decl":{"start":{"line":300,"column":10},"end":{"line":300,"column":31}},"loc":{"start":{"line":304,"column":26},"end":{"line":324,"column":3}}},"21":{"name":"(anonymous_21)","decl":{"start":{"line":328,"column":10},"end":{"line":328,"column":29}},"loc":{"start":{"line":331,"column":26},"end":{"line":352,"column":3}}},"22":{"name":"(anonymous_22)","decl":{"start":{"line":357,"column":10},"end":{"line":357,"column":28}},"loc":{"start":{"line":357,"column":74},"end":{"line":362,"column":3}}},"23":{"name":"(anonymous_23)","decl":{"start":{"line":365,"column":10},"end":{"line":365,"column":25}},"loc":{"start":{"line":365,"column":42},"end":{"line":369,"column":3}}},"24":{"name":"(anonymous_24)","decl":{"start":{"line":373,"column":10},"end":{"line":373,"column":20}},"loc":{"start":{"line":373,"column":40},"end":{"line":382,"column":3}}},"25":{"name":"(anonymous_25)","decl":{"start":{"line":384,"column":10},"end":{"line":384,"column":22}},"loc":{"start":{"line":384,"column":42},"end":{"line":397,"column":3}}}},"branchMap":{"0":{"loc":{"start":{"line":102,"column":6},"end":{"line":102,"column":29}},"type":"if","locations":[{"start":{"line":102,"column":6},"end":{"line":102,"column":29}},{"start":{},"end":{}}]},"1":{"loc":{"start":{"line":102,"column":30},"end":{"line":102,"column":53}},"type":"if","locations":[{"start":{"line":102,"column":30},"end":{"line":102,"column":53}},{"start":{},"end":{}}]},"2":{"loc":{"start":{"line":103,"column":6},"end":{"line":103,"column":29}},"type":"if","locations":[{"start":{"line":103,"column":6},"end":{"line":103,"column":29}},{"start":{},"end":{}}]},"3":{"loc":{"start":{"line":103,"column":30},"end":{"line":103,"column":53}},"type":"if","locations":[{"start":{"line":103,"column":30},"end":{"line":103,"column":53}},{"start":{},"end":{}}]},"4":{"loc":{"start":{"line":104,"column":6},"end":{"line":104,"column":29}},"type":"if","locations":[{"start":{"line":104,"column":6},"end":{"line":104,"column":29}},{"start":{},"end":{}}]},"5":{"loc":{"start":{"line":104,"column":30},"end":{"line":104,"column":53}},"type":"if","locations":[{"start":{"line":104,"column":30},"end":{"line":104,"column":53}},{"start":{},"end":{}}]},"6":{"loc":{"start":{"line":108,"column":16},"end":{"line":108,"column":75}},"type":"binary-expr","locations":[{"start":{"line":108,"column":16},"end":{"line":108,"column":70}},{"start":{"line":108,"column":74},"end":{"line":108,"column":75}}]},"7":{"loc":{"start":{"line":132,"column":6},"end":{"line":132,"column":37}},"type":"if","locations":[{"start":{"line":132,"column":6},"end":{"line":132,"column":37}},{"start":{},"end":{}}]},"8":{"loc":{"start":{"line":132,"column":38},"end":{"line":132,"column":69}},"type":"if","locations":[{"start":{"line":132,"column":38},"end":{"line":132,"column":69}},{"start":{},"end":{}}]},"9":{"loc":{"start":{"line":133,"column":6},"end":{"line":133,"column":37}},"type":"if","locations":[{"start":{"line":133,"column":6},"end":{"line":133,"column":37}},{"start":{},"end":{}}]},"10":{"loc":{"start":{"line":133,"column":38},"end":{"line":133,"column":69}},"type":"if","locations":[{"start":{"line":133,"column":38},"end":{"line":133,"column":69}},{"start":{},"end":{}}]},"11":{"loc":{"start":{"line":135,"column":16},"end":{"line":135,"column":62}},"type":"binary-expr","locations":[{"start":{"line":135,"column":16},"end":{"line":135,"column":57}},{"start":{"line":135,"column":61},"end":{"line":135,"column":62}}]},"12":{"loc":{"start":{"line":195,"column":4},"end":{"line":202,"column":5}},"type":"if","locations":[{"start":{"line":195,"column":4},"end":{"line":202,"column":5}},{"start":{},"end":{}}]},"13":{"loc":{"start":{"line":198,"column":6},"end":{"line":200,"column":7}},"type":"if","locations":[{"start":{"line":198,"column":6},"end":{"line":200,"column":7}},{"start":{},"end":{}}]},"14":{"loc":{"start":{"line":198,"column":10},"end":{"line":198,"column":76}},"type":"binary-expr","locations":[{"start":{"line":198,"column":10},"end":{"line":198,"column":50}},{"start":{"line":198,"column":54},"end":{"line":198,"column":76}}]},"15":{"loc":{"start":{"line":206,"column":4},"end":{"line":208,"column":5}},"type":"if","locations":[{"start":{"line":206,"column":4},"end":{"line":208,"column":5}},{"start":{},"end":{}}]},"16":{"loc":{"start":{"line":219,"column":6},"end":{"line":221,"column":7}},"type":"if","locations":[{"start":{"line":219,"column":6},"end":{"line":221,"column":7}},{"start":{},"end":{}}]},"17":{"loc":{"start":{"line":229,"column":4},"end":{"line":229,"column":35}},"type":"if","locations":[{"start":{"line":229,"column":4},"end":{"line":229,"column":35}},{"start":{},"end":{}}]},"18":{"loc":{"start":{"line":230,"column":4},"end":{"line":230,"column":35}},"type":"if","locations":[{"start":{"line":230,"column":4},"end":{"line":230,"column":35}},{"start":{},"end":{}}]},"19":{"loc":{"start":{"line":231,"column":4},"end":{"line":231,"column":35}},"type":"if","locations":[{"start":{"line":231,"column":4},"end":{"line":231,"column":35}},{"start":{},"end":{}}]},"20":{"loc":{"start":{"line":243,"column":35},"end":{"line":243,"column":53}},"type":"cond-expr","locations":[{"start":{"line":243,"column":48},"end":{"line":243,"column":49}},{"start":{"line":243,"column":52},"end":{"line":243,"column":53}}]},"21":{"loc":{"start":{"line":244,"column":35},"end":{"line":244,"column":53}},"type":"cond-expr","locations":[{"start":{"line":244,"column":48},"end":{"line":244,"column":49}},{"start":{"line":244,"column":52},"end":{"line":244,"column":53}}]},"22":{"loc":{"start":{"line":245,"column":35},"end":{"line":245,"column":53}},"type":"cond-expr","locations":[{"start":{"line":245,"column":48},"end":{"line":245,"column":49}},{"start":{"line":245,"column":52},"end":{"line":245,"column":53}}]},"23":{"loc":{"start":{"line":246,"column":35},"end":{"line":246,"column":53}},"type":"cond-expr","locations":[{"start":{"line":246,"column":48},"end":{"line":246,"column":49}},{"start":{"line":246,"column":52},"end":{"line":246,"column":53}}]},"24":{"loc":{"start":{"line":246,"column":58},"end":{"line":246,"column":82}},"type":"cond-expr","locations":[{"start":{"line":246,"column":73},"end":{"line":246,"column":78}},{"start":{"line":246,"column":81},"end":{"line":246,"column":82}}]},"25":{"loc":{"start":{"line":247,"column":35},"end":{"line":247,"column":53}},"type":"cond-expr","locations":[{"start":{"line":247,"column":48},"end":{"line":247,"column":49}},{"start":{"line":247,"column":52},"end":{"line":247,"column":53}}]},"26":{"loc":{"start":{"line":247,"column":58},"end":{"line":247,"column":82}},"type":"cond-expr","locations":[{"start":{"line":247,"column":73},"end":{"line":247,"column":78}},{"start":{"line":247,"column":81},"end":{"line":247,"column":82}}]},"27":{"loc":{"start":{"line":248,"column":35},"end":{"line":248,"column":53}},"type":"cond-expr","locations":[{"start":{"line":248,"column":48},"end":{"line":248,"column":49}},{"start":{"line":248,"column":52},"end":{"line":248,"column":53}}]},"28":{"loc":{"start":{"line":248,"column":58},"end":{"line":248,"column":82}},"type":"cond-expr","locations":[{"start":{"line":248,"column":73},"end":{"line":248,"column":78}},{"start":{"line":248,"column":81},"end":{"line":248,"column":82}}]},"29":{"loc":{"start":{"line":260,"column":4},"end":{"line":260,"column":22}},"type":"if","locations":[{"start":{"line":260,"column":4},"end":{"line":260,"column":22}},{"start":{},"end":{}}]},"30":{"loc":{"start":{"line":263,"column":4},"end":{"line":275,"column":5}},"type":"if","locations":[{"start":{"line":263,"column":4},"end":{"line":275,"column":5}},{"start":{},"end":{}}]},"31":{"loc":{"start":{"line":266,"column":8},"end":{"line":272,"column":9}},"type":"if","locations":[{"start":{"line":266,"column":8},"end":{"line":272,"column":9}},{"start":{"line":269,"column":15},"end":{"line":272,"column":9}}]},"32":{"loc":{"start":{"line":269,"column":15},"end":{"line":272,"column":9}},"type":"if","locations":[{"start":{"line":269,"column":15},"end":{"line":272,"column":9}},{"start":{},"end":{}}]},"33":{"loc":{"start":{"line":280,"column":6},"end":{"line":285,"column":7}},"type":"if","locations":[{"start":{"line":280,"column":6},"end":{"line":285,"column":7}},{"start":{},"end":{}}]},"34":{"loc":{"start":{"line":290,"column":20},"end":{"line":290,"column":71}},"type":"cond-expr","locations":[{"start":{"line":290,"column":39},"end":{"line":290,"column":60}},{"start":{"line":290,"column":63},"end":{"line":290,"column":71}}]},"35":{"loc":{"start":{"line":293,"column":6},"end":{"line":293,"column":52}},"type":"if","locations":[{"start":{"line":293,"column":6},"end":{"line":293,"column":52}},{"start":{},"end":{}}]},"36":{"loc":{"start":{"line":293,"column":10},"end":{"line":293,"column":44}},"type":"binary-expr","locations":[{"start":{"line":293,"column":10},"end":{"line":293,"column":26}},{"start":{"line":293,"column":30},"end":{"line":293,"column":44}}]},"37":{"loc":{"start":{"line":306,"column":4},"end":{"line":306,"column":22}},"type":"if","locations":[{"start":{"line":306,"column":4},"end":{"line":306,"column":22}},{"start":{},"end":{}}]},"38":{"loc":{"start":{"line":309,"column":4},"end":{"line":309,"column":70}},"type":"if","locations":[{"start":{"line":309,"column":4},"end":{"line":309,"column":70}},{"start":{},"end":{}}]},"39":{"loc":{"start":{"line":311,"column":4},"end":{"line":319,"column":5}},"type":"if","locations":[{"start":{"line":311,"column":4},"end":{"line":319,"column":5}},{"start":{},"end":{}}]},"40":{"loc":{"start":{"line":314,"column":8},"end":{"line":316,"column":9}},"type":"if","locations":[{"start":{"line":314,"column":8},"end":{"line":316,"column":9}},{"start":{},"end":{}}]},"41":{"loc":{"start":{"line":333,"column":4},"end":{"line":333,"column":22}},"type":"if","locations":[{"start":{"line":333,"column":4},"end":{"line":333,"column":22}},{"start":{},"end":{}}]},"42":{"loc":{"start":{"line":336,"column":4},"end":{"line":336,"column":56}},"type":"if","locations":[{"start":{"line":336,"column":4},"end":{"line":336,"column":56}},{"start":{},"end":{}}]},"43":{"loc":{"start":{"line":338,"column":4},"end":{"line":347,"column":5}},"type":"if","locations":[{"start":{"line":338,"column":4},"end":{"line":347,"column":5}},{"start":{},"end":{}}]},"44":{"loc":{"start":{"line":340,"column":8},"end":{"line":344,"column":9}},"type":"if","locations":[{"start":{"line":340,"column":8},"end":{"line":344,"column":9}},{"start":{},"end":{}}]},"45":{"loc":{"start":{"line":340,"column":12},"end":{"line":342,"column":46}},"type":"binary-expr","locations":[{"start":{"line":340,"column":12},"end":{"line":340,"column":27}},{"start":{"line":340,"column":31},"end":{"line":340,"column":46}},{"start":{"line":341,"column":12},"end":{"line":341,"column":27}},{"start":{"line":341,"column":31},"end":{"line":341,"column":46}},{"start":{"line":342,"column":12},"end":{"line":342,"column":27}},{"start":{"line":342,"column":31},"end":{"line":342,"column":46}}]},"46":{"loc":{"start":{"line":366,"column":11},"end":{"line":368,"column":47}},"type":"binary-expr","locations":[{"start":{"line":366,"column":11},"end":{"line":366,"column":27}},{"start":{"line":366,"column":31},"end":{"line":366,"column":47}},{"start":{"line":367,"column":11},"end":{"line":367,"column":27}},{"start":{"line":367,"column":31},"end":{"line":367,"column":47}},{"start":{"line":368,"column":11},"end":{"line":368,"column":27}},{"start":{"line":368,"column":31},"end":{"line":368,"column":47}}]},"47":{"loc":{"start":{"line":377,"column":6},"end":{"line":380,"column":19}},"type":"if","locations":[{"start":{"line":377,"column":6},"end":{"line":380,"column":19}},{"start":{"line":380,"column":13},"end":{"line":380,"column":19}}]},"48":{"loc":{"start":{"line":390,"column":6},"end":{"line":390,"column":83}},"type":"if","locations":[{"start":{"line":390,"column":6},"end":{"line":390,"column":83}},{"start":{},"end":{}}]},"49":{"loc":{"start":{"line":390,"column":10},"end":{"line":390,"column":66}},"type":"binary-expr","locations":[{"start":{"line":390,"column":10},"end":{"line":390,"column":18}},{"start":{"line":390,"column":22},"end":{"line":390,"column":66}}]},"50":{"loc":{"start":{"line":391,"column":6},"end":{"line":391,"column":86}},"type":"if","locations":[{"start":{"line":391,"column":6},"end":{"line":391,"column":86}},{"start":{},"end":{}}]},"51":{"loc":{"start":{"line":391,"column":10},"end":{"line":391,"column":68}},"type":"binary-expr","locations":[{"start":{"line":391,"column":10},"end":{"line":391,"column":19}},{"start":{"line":391,"column":23},"end":{"line":391,"column":68}}]},"52":{"loc":{"start":{"line":392,"column":6},"end":{"line":395,"column":19}},"type":"if","locations":[{"start":{"line":392,"column":6},"end":{"line":395,"column":19}},{"start":{"line":395,"column":13},"end":{"line":395,"column":19}}]}},"s":{"0":1,"1":1,"2":1,"3":18,"4":18,"5":18,"6":18,"7":18,"8":206,"9":206,"10":206,"11":6,"12":6,"13":2,"14":2,"15":2,"16":2,"17":2,"18":2,"19":2,"20":2,"21":2,"22":6,"23":6,"24":6,"25":6,"26":6,"27":4,"28":6,"29":4,"30":6,"31":4,"32":6,"33":4,"34":6,"35":4,"36":6,"37":4,"38":2,"39":2,"40":2,"41":2,"42":6,"43":6,"44":6,"45":4,"46":4,"47":4,"48":4,"49":4,"50":4,"51":109,"52":4,"53":109,"54":109,"55":109,"56":4,"57":109,"58":109,"59":4,"60":4,"61":4,"62":4,"63":109,"64":109,"65":2,"66":2,"67":2,"68":1,"69":2,"70":1,"71":2,"72":2,"73":2,"74":2,"75":1,"76":2,"77":1,"78":1,"79":1,"80":315,"81":214,"82":214,"83":3,"84":214,"85":101,"86":101,"87":1,"88":101,"89":3,"90":3,"91":3,"92":3,"93":99,"94":99,"95":5,"96":99,"97":200,"98":200,"99":200,"100":200,"101":200,"102":100,"103":200,"104":100,"105":200,"106":100,"107":200,"108":6,"109":6,"110":6,"111":6,"112":6,"113":6,"114":6,"115":6,"116":2,"117":0,"118":2,"119":2,"120":6,"121":6,"122":3,"123":3,"124":3,"125":1,"126":1,"127":2,"128":0,"129":0,"130":0,"131":0,"132":0,"133":0,"134":0,"135":0,"136":0,"137":0,"138":0,"139":2,"140":0,"141":2,"142":0,"143":2,"144":2,"145":6,"146":6,"147":3,"148":2,"149":0,"150":0,"151":1,"152":0,"153":1,"154":0,"155":1,"156":1,"157":3,"158":1,"159":1,"160":0,"161":0,"162":2,"163":2,"164":2,"165":2,"166":1,"167":3,"168":3,"169":1,"170":1,"171":0,"172":0,"173":1,"174":1,"175":1,"176":1,"177":1,"178":1,"179":1,"180":1,"181":0,"182":1,"183":0,"184":1,"185":0,"186":0,"187":1,"188":1},"f":{"0":18,"1":206,"2":206,"3":206,"4":6,"5":2,"6":2,"7":4,"8":2,"9":1,"10":1,"11":2,"12":1,"13":1,"14":315,"15":3,"16":200,"17":6,"18":2,"19":0,"20":2,"21":1,"22":2,"23":1,"24":3,"25":1},"b":{"0":[4,2],"1":[4,2],"2":[4,2],"3":[4,2],"4":[4,2],"5":[4,2],"6":[2,0],"7":[4,105],"8":[109,0],"9":[4,105],"10":[109,0],"11":[4,0],"12":[214,101],"13":[3,211],"14":[214,3],"15":[1,100],"16":[5,94],"17":[100,100],"18":[100,100],"19":[100,100],"20":[3,3],"21":[3,3],"22":[4,2],"23":[3,3],"24":[0,6],"25":[3,3],"26":[0,6],"27":[2,4],"28":[0,6],"29":[0,2],"30":[2,0],"31":[3,3],"32":[1,2],"33":[0,0],"34":[0,0],"35":[0,0],"36":[0,0],"37":[0,2],"38":[0,2],"39":[2,0],"40":[3,3],"41":[0,1],"42":[0,1],"43":[1,0],"44":[1,2],"45":[3,2,1,1,1,1],"46":[1,1,1,1,1,1],"47":[0,1],"48":[0,1],"49":[1,0],"50":[0,1],"51":[1,0],"52":[0,1]}}
}
