TN:
SF:src\components\ReviewerPanel.tsx
FN:105,(anonymous_0)
FN:128,(anonymous_1)
FN:159,(anonymous_2)
FN:164,(anonymous_3)
FN:168,(anonymous_4)
FN:175,(anonymous_5)
FN:218,(anonymous_6)
FN:241,(anonymous_7)
FN:265,(anonymous_8)
FN:277,(anonymous_9)
FN:308,(anonymous_10)
FN:343,(anonymous_11)
FN:349,(anonymous_12)
FN:350,(anonymous_13)
FN:351,(anonymous_14)
FN:352,(anonymous_15)
FN:390,(anonymous_16)
FNF:17
FNH:17
FNDA:58,(anonymous_0)
FNDA:29,(anonymous_1)
FNDA:29,(anonymous_2)
FNDA:1,(anonymous_3)
FNDA:1,(anonymous_4)
FNDA:19,(anonymous_5)
FNDA:6,(anonymous_6)
FNDA:3,(anonymous_7)
FNDA:3,(anonymous_8)
FNDA:2,(anonymous_9)
FNDA:1,(anonymous_10)
FNDA:20,(anonymous_11)
FNDA:20,(anonymous_12)
FNDA:19,(anonymous_13)
FNDA:19,(anonymous_14)
FNDA:19,(anonymous_15)
FNDA:19,(anonymous_16)
DA:21,1
DA:27,1
DA:36,1
DA:43,1
DA:59,1
DA:73,1
DA:84,1
DA:90,1
DA:96,1
DA:105,1
DA:109,58
DA:128,1
DA:129,29
DA:134,29
DA:135,29
DA:159,1
DA:160,29
DA:161,29
DA:162,29
DA:164,29
DA:165,1
DA:168,29
DA:169,1
DA:170,1
DA:171,1
DA:172,1
DA:175,29
DA:176,19
DA:177,19
DA:179,0
DA:183,29
DA:185,29
DA:219,6
DA:241,3
DA:265,3
DA:277,2
DA:309,1
DA:310,1
DA:343,1
DA:349,20
DA:350,20
DA:351,20
DA:352,20
DA:353,20
DA:356,20
DA:391,19
LF:46
LH:45
BRDA:118,0,0,53
BRDA:118,0,1,5
BRDA:119,1,0,53
BRDA:119,1,1,5
BRDA:122,2,0,53
BRDA:122,2,1,5
BRDA:169,3,0,0
BRDA:169,3,1,1
BRDA:189,4,0,24
BRDA:189,4,1,5
BRDA:190,5,0,24
BRDA:190,5,1,5
BRDA:206,6,0,29
BRDA:206,6,1,28
BRDA:216,7,0,29
BRDA:216,7,1,2
BRDA:234,8,0,29
BRDA:234,8,1,28
BRDA:249,9,0,2
BRDA:249,9,1,27
BRDA:252,10,0,29
BRDA:252,10,1,2
BRDA:257,11,0,29
BRDA:257,11,1,24
BRDA:273,12,0,29
BRDA:273,12,1,5
BRDA:273,12,2,5
BRDA:298,13,0,2
BRDA:298,13,1,3
BRDA:320,14,0,29
BRDA:320,14,1,2
BRDA:320,14,2,2
BRDA:378,15,0,3
BRDA:378,15,1,17
BRF:34
BRH:33
end_of_record
TN:
SF:src\hooks\useKeyboardShortcuts.ts
FN:14,useKeyboardShortcuts
FN:15,(anonymous_1)
FN:16,(anonymous_2)
FN:40,(anonymous_3)
FNF:4
FNH:4
FNDA:4,useKeyboardShortcuts
FNDA:4,(anonymous_1)
FNDA:4,(anonymous_2)
FNDA:4,(anonymous_3)
DA:1,1
DA:14,1
DA:15,4
DA:16,4
DA:18,4
DA:19,1
DA:22,3
DA:25,1
DA:26,1
DA:29,1
DA:30,1
DA:32,1
DA:33,1
DA:35,0
DA:39,4
DA:40,4
LF:16
LH:15
BRDA:18,0,0,1
BRDA:18,0,1,3
BRDA:18,1,0,4
BRDA:18,1,1,3
BRDA:22,2,0,1
BRDA:22,2,1,1
BRDA:22,2,2,1
BRDA:22,2,3,1
BRDA:22,2,4,1
BRDA:22,2,5,0
BRDA:25,3,0,1
BRDA:25,3,1,0
BRDA:29,4,0,1
BRDA:29,4,1,0
BRDA:32,5,0,1
BRDA:32,5,1,0
BRF:16
BRH:12
end_of_record
TN:
SF:src\store\agentSlice.ts
FN:66,(anonymous_0)
FN:73,(anonymous_1)
FN:80,(anonymous_2)
FN:86,agentReducer
FN:158,(anonymous_4)
FNF:5
FNH:3
FNDA:1,(anonymous_0)
FNDA:0,(anonymous_1)
FNDA:0,(anonymous_2)
FNDA:17,agentReducer
FNDA:2,(anonymous_4)
DA:53,1
DA:65,1
DA:67,1
DA:68,1
DA:72,1
DA:74,0
DA:75,0
DA:79,1
DA:81,0
DA:82,0
DA:86,1
DA:87,17
DA:89,2
DA:90,1
DA:92,1
DA:93,0
DA:95,1
DA:98,1
DA:101,1
DA:102,0
DA:104,1
DA:107,1
DA:108,0
DA:110,1
DA:119,1
DA:122,1
DA:134,1
DA:137,1
DA:147,0
DA:149,1
DA:151,1
DA:153,3
DA:154,2
DA:156,1
DA:158,2
DA:160,1
DA:175,0
DA:178,1
LF:38
LH:29
BRDA:86,0,0,1
BRDA:87,1,0,2
BRDA:87,1,1,1
BRDA:87,1,2,1
BRDA:87,1,3,1
BRDA:87,1,4,1
BRDA:87,1,5,1
BRDA:87,1,6,1
BRDA:87,1,7,1
BRDA:87,1,8,0
BRDA:87,1,9,0
BRDA:87,1,10,0
BRDA:87,1,11,0
BRDA:87,1,12,0
BRDA:87,1,13,0
BRDA:87,1,14,0
BRDA:87,1,15,1
BRDA:87,1,16,1
BRDA:87,1,17,3
BRDA:87,1,18,1
BRDA:87,1,19,1
BRDA:87,1,20,0
BRDA:87,1,21,0
BRDA:87,1,22,0
BRDA:87,1,23,0
BRDA:87,1,24,0
BRDA:87,1,25,0
BRDA:87,1,26,0
BRDA:87,1,27,0
BRDA:87,1,28,0
BRDA:87,1,29,0
BRDA:87,1,30,0
BRDA:87,1,31,0
BRDA:87,1,32,0
BRDA:87,1,33,0
BRDA:87,1,34,1
BRDA:89,2,0,1
BRDA:89,2,1,1
BRDA:89,3,0,2
BRDA:89,3,1,1
BRDA:92,4,0,0
BRDA:92,4,1,1
BRDA:101,5,0,0
BRDA:101,5,1,1
BRDA:107,6,0,0
BRDA:107,6,1,1
BRDA:107,7,0,1
BRDA:107,7,1,1
BRDA:153,8,0,2
BRDA:153,8,1,1
BRF:50
BRH:26
end_of_record
TN:
SF:src\webgl_engine\BufferGeometryManager.ts
FN:62,alignedLength
FN:103,(anonymous_1)
FN:117,(anonymous_2)
FN:118,(anonymous_3)
FN:119,(anonymous_4)
FN:127,(anonymous_5)
FN:177,(anonymous_6)
FN:211,(anonymous_7)
FN:223,(anonymous_8)
FN:238,(anonymous_9)
FN:277,(anonymous_10)
FN:290,(anonymous_11)
FN:304,(anonymous_12)
FN:311,(anonymous_13)
FN:327,(anonymous_14)
FN:346,(anonymous_15)
FNF:16
FNH:16
FNDA:8,alignedLength
FNDA:8,(anonymous_1)
FNDA:2,(anonymous_2)
FNDA:6,(anonymous_3)
FNDA:4,(anonymous_4)
FNDA:6,(anonymous_5)
FNDA:5,(anonymous_6)
FNDA:1,(anonymous_7)
FNDA:1,(anonymous_8)
FNDA:1,(anonymous_9)
FNDA:1,(anonymous_10)
FNDA:8,(anonymous_11)
FNDA:18,(anonymous_12)
FNDA:30,(anonymous_13)
FNDA:2,(anonymous_14)
FNDA:1,(anonymous_15)
DA:44,1
DA:52,1
DA:55,1
DA:58,1
DA:63,8
DA:70,1
DA:74,8
DA:91,8
DA:92,8
DA:93,8
DA:94,8
DA:95,8
DA:96,8
DA:97,8
DA:100,8
DA:101,8
DA:104,8
DA:105,8
DA:108,8
DA:109,8
DA:110,8
DA:111,8
DA:112,8
DA:117,2
DA:118,6
DA:119,4
DA:128,6
DA:131,6
DA:132,6
DA:133,6
DA:135,6
DA:136,6
DA:137,6
DA:140,6
DA:141,6
DA:142,6
DA:145,6
DA:146,6
DA:149,6
DA:150,6
DA:151,6
DA:154,6
DA:157,6
DA:160,6
DA:163,6
DA:166,6
DA:168,6
DA:178,5
DA:179,5
DA:181,5
DA:182,5
DA:183,5
DA:184,5
DA:187,5
DA:188,5
DA:189,5
DA:192,5
DA:193,5
DA:194,5
DA:195,5
DA:198,5
DA:199,5
DA:200,5
DA:204,5
DA:205,5
DA:212,1
DA:213,1
DA:214,1
DA:215,1
DA:216,1
DA:217,1
DA:224,1
DA:225,1
DA:226,1
DA:227,1
DA:228,1
DA:239,1
DA:240,1
DA:242,1
DA:243,1
DA:246,1
DA:247,1
DA:248,1
DA:249,1
DA:253,1
DA:254,1
DA:255,1
DA:256,1
DA:260,1
DA:261,1
DA:262,1
DA:263,1
DA:267,1
DA:268,1
DA:278,1
DA:279,1
DA:281,1
DA:282,1
DA:284,1
DA:285,1
DA:291,8
DA:292,8
DA:293,6
DA:294,6
DA:295,6
DA:296,6
DA:297,6
DA:298,6
DA:299,6
DA:305,18
DA:306,18
DA:307,18
DA:308,18
DA:320,30
DA:321,30
DA:322,30
DA:324,30
DA:328,2
DA:329,2
DA:347,1
DA:349,1
DA:350,1
DA:351,128
DA:353,128
DA:354,128
DA:355,128
DA:358,1
DA:359,1
DA:360,1
DA:361,1
DA:362,1
LF:131
LH:131
BRDA:189,0,0,5
BRDA:189,0,1,5
BRDA:195,1,0,5
BRDA:195,1,1,5
BRDA:198,2,0,5
BRDA:198,2,1,5
BRDA:199,3,0,5
BRDA:199,3,1,5
BRDA:200,4,0,0
BRDA:200,4,1,5
BRDA:212,5,0,0
BRDA:212,5,1,1
BRDA:216,6,0,1
BRDA:216,6,1,0
BRDA:224,7,0,1
BRDA:224,7,1,0
BRDA:226,8,0,0
BRDA:226,8,1,1
BRDA:240,9,0,0
BRDA:240,9,1,1
BRDA:240,10,0,1
BRDA:240,10,1,1
BRDA:279,11,0,0
BRDA:279,11,1,1
BRDA:279,12,0,1
BRDA:279,12,1,1
BRDA:279,12,2,1
BRDA:292,13,0,2
BRDA:292,13,1,6
BRDA:328,14,0,0
BRDA:328,14,1,2
BRDA:329,15,0,0
BRDA:329,15,1,2
BRF:33
BRH:24
end_of_record
TN:
SF:src\webgl_engine\OrbitController.ts
FN:59,createIdentity
FN:65,orthoProjection
FN:82,multiply
FN:96,translationMatrix
FN:133,(anonymous_4)
FN:139,(anonymous_5)
FN:140,(anonymous_6)
FN:141,(anonymous_7)
FN:146,(anonymous_8)
FN:156,(anonymous_9)
FN:162,(anonymous_10)
FN:174,(anonymous_11)
FN:175,(anonymous_12)
FN:176,(anonymous_13)
FN:177,(anonymous_14)
FN:178,(anonymous_15)
FN:189,(anonymous_16)
FN:202,(anonymous_17)
FN:210,(anonymous_18)
FN:218,(anonymous_19)
FN:223,(anonymous_20)
FN:236,(anonymous_21)
FN:247,(anonymous_22)
FN:258,(anonymous_23)
FN:265,(anonymous_24)
FN:284,(anonymous_25)
FN:289,(anonymous_26)
FN:313,(anonymous_27)
FN:314,(anonymous_28)
FN:335,(anonymous_29)
FN:354,(anonymous_30)
FNF:31
FNH:22
FNDA:9,createIdentity
FNDA:1,orthoProjection
FNDA:1,multiply
FNDA:1,translationMatrix
FNDA:8,(anonymous_4)
FNDA:0,(anonymous_5)
FNDA:0,(anonymous_6)
FNDA:1,(anonymous_7)
FNDA:4,(anonymous_8)
FNDA:0,(anonymous_9)
FNDA:8,(anonymous_10)
FNDA:1,(anonymous_11)
FNDA:0,(anonymous_12)
FNDA:0,(anonymous_13)
FNDA:0,(anonymous_14)
FNDA:0,(anonymous_15)
FNDA:1,(anonymous_16)
FNDA:1,(anonymous_17)
FNDA:1,(anonymous_18)
FNDA:1,(anonymous_19)
FNDA:0,(anonymous_20)
FNDA:5,(anonymous_21)
FNDA:1,(anonymous_22)
FNDA:2,(anonymous_23)
FNDA:2,(anonymous_24)
FNDA:1,(anonymous_25)
FNDA:2,(anonymous_26)
FNDA:1,(anonymous_27)
FNDA:0,(anonymous_28)
FNDA:1,(anonymous_29)
FNDA:5,(anonymous_30)
DA:49,1
DA:60,9
DA:61,9
DA:62,9
DA:70,1
DA:71,1
DA:72,1
DA:73,1
DA:74,1
DA:75,1
DA:76,1
DA:77,1
DA:78,1
DA:79,1
DA:83,1
DA:84,1
DA:85,4
DA:86,16
DA:93,1
DA:97,1
DA:98,1
DA:99,1
DA:100,1
DA:108,1
DA:110,8
DA:111,8
DA:112,8
DA:113,8
DA:116,8
DA:117,8
DA:118,8
DA:124,8
DA:125,8
DA:128,8
DA:131,8
DA:134,8
DA:139,0
DA:140,0
DA:142,1
DA:143,1
DA:147,4
DA:157,0
DA:163,8
DA:164,8
DA:165,8
DA:175,1
DA:176,1
DA:177,1
DA:178,1
DA:180,1
DA:181,1
DA:182,1
DA:183,1
DA:184,1
DA:187,1
DA:189,1
DA:190,1
DA:191,1
DA:192,1
DA:193,1
DA:194,1
DA:195,1
DA:203,1
DA:204,1
DA:205,1
DA:206,1
DA:211,1
DA:213,1
DA:214,1
DA:219,1
DA:220,1
DA:221,1
DA:223,1
DA:224,0
DA:225,0
DA:226,0
DA:227,0
DA:228,0
DA:229,0
DA:230,0
DA:232,1
DA:238,5
DA:239,5
DA:240,5
DA:248,1
DA:249,1
DA:250,1
DA:259,2
DA:260,1
DA:261,1
DA:262,1
DA:266,2
DA:268,1
DA:269,1
DA:272,1
DA:273,1
DA:276,1
DA:277,1
DA:279,1
DA:280,1
DA:281,1
DA:285,1
DA:290,2
DA:293,2
DA:296,2
DA:297,2
DA:301,2
DA:304,2
DA:305,2
DA:307,2
DA:308,2
DA:314,1
DA:315,0
DA:316,0
DA:317,0
DA:318,0
DA:320,0
DA:322,0
DA:323,0
DA:324,0
DA:325,0
DA:328,0
DA:330,1
DA:336,1
DA:337,1
DA:340,1
DA:347,1
DA:350,1
DA:351,1
DA:355,5
LF:130
LH:110
BRDA:133,0,0,8
BRDA:142,1,0,1
BRDA:142,1,1,0
BRDA:218,2,0,0
BRDA:230,3,0,0
BRDA:230,3,1,0
BRDA:259,4,0,1
BRDA:259,4,1,1
BRDA:266,5,0,1
BRDA:266,5,1,1
BRDA:315,6,0,0
BRDA:315,6,1,0
BRDA:320,7,0,0
BRDA:320,7,1,0
BRDA:320,8,0,0
BRDA:320,8,1,0
BRF:16
BRH:6
end_of_record
TN:
SF:src\webgl_engine\Raycaster.ts
FN:60,(anonymous_0)
FN:66,(anonymous_1)
FN:67,(anonymous_2)
FN:68,(anonymous_3)
FN:79,(anonymous_4)
FN:83,(anonymous_5)
FN:93,(anonymous_6)
FN:128,(anonymous_7)
FN:152,(anonymous_8)
FN:159,(anonymous_9)
FN:166,(anonymous_10)
FN:175,(anonymous_11)
FN:179,(anonymous_12)
FN:186,(anonymous_13)
FN:194,(anonymous_14)
FN:212,(anonymous_15)
FN:226,(anonymous_16)
FN:235,(anonymous_17)
FN:254,(anonymous_18)
FN:287,(anonymous_19)
FN:300,(anonymous_20)
FN:328,(anonymous_21)
FN:357,(anonymous_22)
FN:365,(anonymous_23)
FN:373,(anonymous_24)
FN:384,(anonymous_25)
FNF:26
FNH:25
FNDA:18,(anonymous_0)
FNDA:206,(anonymous_1)
FNDA:206,(anonymous_2)
FNDA:206,(anonymous_3)
FNDA:6,(anonymous_4)
FNDA:2,(anonymous_5)
FNDA:2,(anonymous_6)
FNDA:4,(anonymous_7)
FNDA:2,(anonymous_8)
FNDA:1,(anonymous_9)
FNDA:1,(anonymous_10)
FNDA:2,(anonymous_11)
FNDA:1,(anonymous_12)
FNDA:1,(anonymous_13)
FNDA:315,(anonymous_14)
FNDA:3,(anonymous_15)
FNDA:200,(anonymous_16)
FNDA:6,(anonymous_17)
FNDA:2,(anonymous_18)
FNDA:0,(anonymous_19)
FNDA:2,(anonymous_20)
FNDA:1,(anonymous_21)
FNDA:2,(anonymous_22)
FNDA:1,(anonymous_23)
FNDA:3,(anonymous_24)
FNDA:1,(anonymous_25)
DA:38,1
DA:41,1
DA:44,1
DA:55,18
DA:56,18
DA:58,18
DA:61,18
DA:62,18
DA:66,206
DA:67,206
DA:68,206
DA:75,1
DA:77,6
DA:80,6
DA:83,2
DA:95,2
DA:96,2
DA:97,2
DA:99,2
DA:100,6
DA:101,6
DA:102,6
DA:103,6
DA:104,6
DA:108,2
DA:109,2
DA:115,2
DA:116,6
DA:117,6
DA:121,6
DA:129,4
DA:130,4
DA:131,4
DA:132,109
DA:133,109
DA:135,4
DA:136,4
DA:140,4
DA:141,109
DA:142,109
DA:154,2
DA:156,2
DA:159,2
DA:160,2
DA:167,1
DA:176,2
DA:177,2
DA:178,2
DA:179,2
DA:180,2
DA:187,1
DA:188,1
DA:189,1
DA:195,315
DA:196,214
DA:198,214
DA:199,3
DA:201,214
DA:205,101
DA:206,101
DA:207,1
DA:209,101
DA:213,3
DA:214,3
DA:215,3
DA:217,3
DA:218,99
DA:219,99
DA:220,5
DA:222,99
DA:227,200
DA:228,200
DA:229,200
DA:230,200
DA:231,200
DA:232,200
DA:236,6
DA:237,6
DA:238,6
DA:239,6
DA:240,6
DA:242,6
DA:260,2
DA:263,2
DA:264,2
DA:265,6
DA:266,6
DA:267,3
DA:268,3
DA:269,3
DA:270,1
DA:271,1
DA:274,2
DA:278,0
DA:279,0
DA:280,0
DA:281,0
DA:287,0
DA:290,0
DA:292,0
DA:293,0
DA:294,0
DA:306,2
DA:309,2
DA:311,2
DA:312,2
DA:313,6
DA:314,6
DA:315,3
DA:318,2
DA:321,0
DA:322,0
DA:333,1
DA:336,1
DA:338,1
DA:339,1
DA:340,3
DA:343,1
DA:346,1
DA:349,0
DA:350,0
DA:358,2
DA:359,2
DA:360,2
DA:361,2
DA:366,1
DA:374,3
DA:375,3
DA:376,1
DA:377,1
DA:378,0
DA:379,0
DA:380,1
DA:385,1
DA:386,1
DA:387,1
DA:388,1
DA:389,1
DA:390,1
DA:391,1
DA:392,1
DA:393,0
DA:394,0
DA:395,1
LF:144
LH:127
BRDA:102,0,0,4
BRDA:102,0,1,2
BRDA:102,1,0,4
BRDA:102,1,1,2
BRDA:103,2,0,4
BRDA:103,2,1,2
BRDA:103,3,0,4
BRDA:103,3,1,2
BRDA:104,4,0,4
BRDA:104,4,1,2
BRDA:104,5,0,4
BRDA:104,5,1,2
BRDA:108,6,0,2
BRDA:108,6,1,0
BRDA:132,7,0,4
BRDA:132,7,1,105
BRDA:132,8,0,109
BRDA:132,8,1,0
BRDA:133,9,0,4
BRDA:133,9,1,105
BRDA:133,10,0,109
BRDA:133,10,1,0
BRDA:135,11,0,4
BRDA:135,11,1,0
BRDA:195,12,0,214
BRDA:195,12,1,101
BRDA:198,13,0,3
BRDA:198,13,1,211
BRDA:198,14,0,214
BRDA:198,14,1,3
BRDA:206,15,0,1
BRDA:206,15,1,100
BRDA:219,16,0,5
BRDA:219,16,1,94
BRDA:229,17,0,100
BRDA:229,17,1,100
BRDA:230,18,0,100
BRDA:230,18,1,100
BRDA:231,19,0,100
BRDA:231,19,1,100
BRDA:243,20,0,3
BRDA:243,20,1,3
BRDA:244,21,0,3
BRDA:244,21,1,3
BRDA:245,22,0,4
BRDA:245,22,1,2
BRDA:246,23,0,3
BRDA:246,23,1,3
BRDA:246,24,0,0
BRDA:246,24,1,6
BRDA:247,25,0,3
BRDA:247,25,1,3
BRDA:247,26,0,0
BRDA:247,26,1,6
BRDA:248,27,0,2
BRDA:248,27,1,4
BRDA:248,28,0,0
BRDA:248,28,1,6
BRDA:260,29,0,0
BRDA:260,29,1,2
BRDA:263,30,0,2
BRDA:263,30,1,0
BRDA:266,31,0,3
BRDA:266,31,1,3
BRDA:269,32,0,1
BRDA:269,32,1,2
BRDA:280,33,0,0
BRDA:280,33,1,0
BRDA:290,34,0,0
BRDA:290,34,1,0
BRDA:293,35,0,0
BRDA:293,35,1,0
BRDA:293,36,0,0
BRDA:293,36,1,0
BRDA:306,37,0,0
BRDA:306,37,1,2
BRDA:309,38,0,0
BRDA:309,38,1,2
BRDA:311,39,0,2
BRDA:311,39,1,0
BRDA:314,40,0,3
BRDA:314,40,1,3
BRDA:333,41,0,0
BRDA:333,41,1,1
BRDA:336,42,0,0
BRDA:336,42,1,1
BRDA:338,43,0,1
BRDA:338,43,1,0
BRDA:340,44,0,1
BRDA:340,44,1,2
BRDA:340,45,0,3
BRDA:340,45,1,2
BRDA:340,45,2,1
BRDA:340,45,3,1
BRDA:340,45,4,1
BRDA:340,45,5,1
BRDA:366,46,0,1
BRDA:366,46,1,1
BRDA:366,46,2,1
BRDA:366,46,3,1
BRDA:366,46,4,1
BRDA:366,46,5,1
BRDA:377,47,0,0
BRDA:377,47,1,1
BRDA:390,48,0,0
BRDA:390,48,1,1
BRDA:390,49,0,1
BRDA:390,49,1,0
BRDA:391,50,0,0
BRDA:391,50,1,1
BRDA:391,51,0,1
BRDA:391,51,1,0
BRDA:392,52,0,0
BRDA:392,52,1,1
BRF:114
BRH:85
end_of_record
